2020-01-13 10:02:39,178 - main - INFO - loading the excel file ......
2020-01-13 10:02:53,480 - main - INFO - load the excel file over
2020-01-13 10:03:50,683 - main - INFO - the model 1 is running ....
2020-01-13 10:03:51,203 - main - INFO - the model is infeasible!!!
2020-01-13 10:06:59,129 - main - INFO - loading the excel file ......
2020-01-13 10:07:08,700 - main - INFO - load the excel file over
2020-01-13 10:08:26,488 - main - INFO - the model 1 is running ....
2020-01-13 10:08:26,905 - main - INFO - the model is infeasible!!!
2020-01-13 10:09:30,553 - main - INFO - loading the excel file ......
2020-01-13 10:09:39,893 - main - INFO - load the excel file over
2020-01-13 10:10:27,583 - main - INFO - the model 1 is running ....
2020-01-13 10:10:27,933 - main - INFO - the model is infeasible!!!
2020-01-13 11:07:35,135 - main - INFO - loading the excel file ......
2020-01-13 11:07:44,953 - main - INFO - load the excel file over
2020-01-13 11:08:38,465 - main - INFO - the model 1 is running ....
2020-01-13 11:08:38,968 - main - INFO - the facility location optimized sucessfully !
2020-01-13 11:08:38,968 - main - INFO - the objective of the model is 82093053.74802858
2020-01-13 11:08:38,968 - main - INFO - dump model to file:

2020-01-13 11:08:39,025 - main - INFO - the model is end
2020-01-13 11:14:34,163 - main - INFO - loading the excel file ......
2020-01-13 11:14:44,513 - main - INFO - load the excel file over
2020-01-13 11:15:37,666 - main - INFO - the model 1 is running ....
2020-01-13 11:15:38,148 - main - INFO - the facility location optimized sucessfully !
2020-01-13 11:15:38,148 - main - INFO - the objective of the model is 2420.952
2020-01-13 11:15:38,148 - main - INFO - dump model to file:

2020-01-13 11:15:38,206 - main - INFO - the model is end
2020-01-13 11:17:59,796 - main - INFO - loading the excel file ......
2020-01-13 11:18:09,329 - main - INFO - load the excel file over
2020-01-13 11:19:03,937 - main - INFO - the model 1 is running ....
2020-01-13 11:19:04,392 - main - INFO - the facility location optimized sucessfully !
2020-01-13 11:19:04,392 - main - INFO - the objective of the model is 2420.9519999999998
2020-01-13 11:19:04,392 - main - INFO - dump model to file:

2020-01-13 11:19:04,436 - main - INFO - the model is end
2020-01-13 11:19:34,119 - main - INFO - loading the excel file ......
2020-01-13 11:19:43,632 - main - INFO - load the excel file over
2020-01-13 11:20:32,380 - main - INFO - the model 1 is running ....
2020-01-13 11:20:32,754 - main - INFO - the model is infeasible!!!
2020-01-13 11:21:04,223 - main - INFO - loading the excel file ......
2020-01-13 11:21:13,732 - main - INFO - load the excel file over
2020-01-13 11:22:02,080 - main - INFO - the model 1 is running ....
2020-01-13 11:22:02,468 - main - INFO - the model is infeasible!!!
2020-01-13 11:22:33,310 - main - INFO - loading the excel file ......
2020-01-13 11:22:42,787 - main - INFO - load the excel file over
2020-01-13 11:23:38,871 - main - INFO - the model 1 is running ....
2020-01-13 11:23:39,332 - main - INFO - the facility location optimized sucessfully !
2020-01-13 11:23:39,333 - main - INFO - the objective of the model is 2570.727
2020-01-13 11:23:39,333 - main - INFO - dump model to file:

2020-01-13 11:23:39,397 - main - INFO - the model is end
2020-01-13 11:25:20,935 - main - INFO - loading the excel file ......
2020-01-13 11:26:08,124 - main - INFO - loading the excel file ......
2020-01-13 11:26:18,743 - main - INFO - load the excel file over
2020-01-13 11:27:07,723 - main - INFO - the model 1 is running ....
2020-01-13 11:34:03,303 - main - INFO - loading the excel file ......
2020-01-13 11:34:13,688 - main - INFO - load the excel file over
2020-01-13 11:35:03,028 - main - INFO - loading the excel file ......
2020-01-13 11:35:12,484 - main - INFO - load the excel file over
2020-01-13 11:35:59,910 - main - INFO - the model 1 is running ....
2020-01-13 11:36:00,331 - main - INFO - the model is infeasible!!!
2020-01-13 13:26:06,725 - main - INFO - loading the excel file ......
2020-01-13 13:26:16,489 - main - INFO - load the excel file over
2020-01-13 13:27:03,703 - main - INFO - the model 1 is running ....
2020-01-13 13:27:04,285 - main - INFO - the facility location optimized sucessfully !
2020-01-13 13:27:04,286 - main - INFO - the objective of the model is -324493952.7963867
2020-01-13 13:27:04,286 - main - INFO - dump model to file:

2020-01-13 13:27:04,362 - main - INFO - the model is end
2020-01-13 13:28:31,426 - main - INFO - loading the excel file ......
2020-01-13 13:28:40,927 - main - INFO - load the excel file over
2020-01-13 13:29:29,951 - main - INFO - the model 1 is running ....
2020-01-13 13:29:30,479 - main - INFO - the facility location optimized sucessfully !
2020-01-13 13:29:30,479 - main - INFO - the objective of the model is 81751095.50361319
2020-01-13 13:29:30,479 - main - INFO - dump model to file:

2020-01-13 13:29:30,588 - main - INFO - the model is end
2020-01-13 14:26:50,295 - main - INFO - loading the excel file ......
2020-01-13 14:27:02,648 - main - INFO - load the excel file over
2020-01-13 14:27:59,557 - main - INFO - the model 1 is running ....
2020-01-13 14:28:58,172 - main - INFO - loading the excel file ......
2020-01-13 14:29:08,847 - main - INFO - load the excel file over
2020-01-13 14:29:44,716 - main - INFO - loading the excel file ......
2020-01-13 14:29:54,809 - main - INFO - load the excel file over
2020-01-13 14:30:47,846 - main - INFO - the model 1 is running ....
2020-01-13 14:30:48,420 - main - INFO - the facility location optimized sucessfully !
2020-01-13 14:30:48,420 - main - INFO - the objective of the model is 74385600.20361319
2020-01-13 14:30:48,420 - main - INFO - dump model to file:

2020-01-13 14:30:48,499 - main - INFO - the model is end
2020-01-13 16:09:54,086 - main - INFO - loading the excel file ......
2020-01-13 16:10:04,358 - main - INFO - load the excel file over
2020-01-13 16:10:55,551 - main - INFO - the model 1 is running ....
2020-01-13 16:10:55,907 - main - INFO - the facility location optimized sucessfully !
2020-01-13 16:10:55,907 - main - INFO - the objective of the model is 80810175.84766978
2020-01-13 16:10:55,907 - main - INFO - dump model to file:

2020-01-13 16:10:55,971 - main - INFO - the model is end
2020-01-13 16:15:03,623 - main - INFO - loading the excel file ......
2020-01-13 16:15:13,907 - main - INFO - load the excel file over
2020-01-13 16:16:09,814 - main - INFO - the model 1 is running ....
2020-01-13 16:19:07,405 - main - INFO - loading the excel file ......
2020-01-13 16:19:20,121 - main - INFO - load the excel file over
2020-01-13 16:20:43,580 - main - INFO - the model 1 is running ....
2020-01-13 16:20:44,151 - main - INFO - the facility location optimized sucessfully !
2020-01-13 16:20:44,151 - main - INFO - the objective of the model is 71565570.16566518
2020-01-13 16:20:44,151 - main - INFO - dump model to file:

2020-01-13 16:20:44,225 - main - INFO - the model is end
2020-01-13 16:27:25,225 - main - INFO - loading the excel file ......
2020-01-13 16:27:36,147 - main - INFO - load the excel file over
2020-01-13 16:28:30,928 - main - INFO - the model 1 is running ....
2020-01-13 16:28:31,819 - main - INFO - the facility location optimized sucessfully !
2020-01-13 16:28:31,819 - main - INFO - the objective of the model is 71564713.2566652
2020-01-13 16:28:31,819 - main - INFO - dump model to file:

2020-01-13 16:28:31,898 - main - INFO - the model is end
2020-01-13 16:30:57,694 - main - INFO - loading the excel file ......
2020-01-13 16:31:08,815 - main - INFO - loading the excel file ......
2020-01-13 16:31:19,210 - main - INFO - load the excel file over
2020-01-13 16:32:13,029 - main - INFO - the model 1 is running ....
2020-01-13 16:32:13,455 - main - INFO - the facility location optimized sucessfully !
2020-01-13 16:32:13,455 - main - INFO - the objective of the model is 74385600.20361316
2020-01-13 16:32:13,456 - main - INFO - dump model to file:

2020-01-13 16:32:13,531 - main - INFO - the model is end
2020-01-13 16:32:49,943 - main - INFO - loading the excel file ......
2020-01-13 16:33:00,373 - main - INFO - load the excel file over
2020-01-13 16:33:57,140 - main - INFO - the model 1 is running ....
2020-01-13 16:33:57,547 - main - INFO - the facility location optimized sucessfully !
2020-01-13 16:33:57,547 - main - INFO - the objective of the model is 80810175.84766978
2020-01-13 16:33:57,547 - main - INFO - dump model to file:

2020-01-13 16:33:57,621 - main - INFO - the model is end
2020-01-13 16:44:57,624 - main - INFO - loading the excel file ......
2020-01-13 16:45:09,701 - main - INFO - load the excel file over
2020-01-13 16:46:07,009 - main - INFO - the model 1 is running ....
2020-01-13 16:46:07,433 - main - INFO - the facility location optimized sucessfully !
2020-01-13 16:46:07,434 - main - INFO - the objective of the model is 78529837.28250459
2020-01-13 16:46:07,434 - main - INFO - dump model to file:

2020-01-13 16:46:07,505 - main - INFO - the model is end
2020-01-13 16:47:34,464 - main - INFO - loading the excel file ......
2020-01-13 16:47:45,008 - main - INFO - load the excel file over
2020-01-13 16:48:39,166 - main - INFO - the model 1 is running ....
2020-01-13 16:48:39,574 - main - INFO - the facility location optimized sucessfully !
2020-01-13 16:48:39,574 - main - INFO - the objective of the model is 82235467.28250462
2020-01-13 16:48:39,574 - main - INFO - dump model to file:

2020-01-13 16:48:39,646 - main - INFO - the model is end
