2020-01-21 09:26:05,814 - main - INFO - loading the excel file ......
2020-01-21 09:26:24,246 - main - INFO - load the excel file over
2020-01-21 09:27:15,036 - main - INFO - the model 1 is running ....
2020-01-21 09:27:15,371 - main - INFO - the facility location optimized sucessfully !
2020-01-21 09:27:15,371 - main - INFO - the objective of the model is 40672214.627000004
2020-01-21 09:27:15,371 - main - INFO - dump model to file:

2020-01-21 09:27:15,420 - main - INFO - the model is end
2020-01-21 11:14:35,853 - main - INFO - loading the excel file ......
2020-01-21 11:14:47,213 - main - INFO - load the excel file over
2020-01-21 11:15:48,219 - main - INFO - the model 1 is running ....
2020-01-21 11:15:48,494 - main - INFO - the facility location optimized sucessfully !
2020-01-21 11:15:48,494 - main - INFO - the objective of the model is 40672214.627000004
2020-01-21 11:15:48,494 - main - INFO - dump model to file:

2020-01-21 11:15:48,543 - main - INFO - the model is end
2020-01-21 12:36:48,424 - main - INFO - loading the excel file ......
2020-01-21 12:36:58,276 - main - INFO - load the excel file over
2020-01-21 12:37:44,380 - main - INFO - the model 1 is running ....
2020-01-21 12:37:44,707 - main - INFO - the facility location optimized sucessfully !
2020-01-21 12:37:44,707 - main - INFO - the objective of the model is 40672214.627
2020-01-21 12:37:44,707 - main - INFO - dump model to file:

2020-01-21 12:37:44,755 - main - INFO - the model is end
2020-01-21 12:39:30,265 - main - INFO - loading the excel file ......
2020-01-21 12:39:39,667 - main - INFO - load the excel file over
2020-01-21 12:40:30,239 - main - INFO - the model 1 is running ....
2020-01-21 12:40:30,560 - main - INFO - the facility location optimized sucessfully !
2020-01-21 12:40:30,560 - main - INFO - the objective of the model is 40672214.627000004
2020-01-21 12:40:30,560 - main - INFO - dump model to file:

2020-01-21 12:40:30,611 - main - INFO - the model is end
2020-01-21 13:20:42,308 - main - INFO - loading the excel file ......
2020-01-21 13:20:52,186 - main - INFO - load the excel file over
2020-01-21 13:21:38,426 - main - INFO - the model 1 is running ....
2020-01-21 13:21:39,055 - main - INFO - the facility location optimized sucessfully !
2020-01-21 13:21:39,055 - main - INFO - the objective of the model is 17121496.042
2020-01-21 13:21:39,055 - main - INFO - dump model to file:

2020-01-21 13:21:39,119 - main - INFO - the model is end
2020-01-21 13:44:56,755 - main - INFO - loading the excel file ......
2020-01-21 13:45:07,680 - main - INFO - load the excel file over
2020-01-21 13:46:00,306 - main - INFO - the model 1 is running ....
2020-01-21 13:46:00,785 - main - INFO - the facility location optimized sucessfully !
2020-01-21 13:46:00,785 - main - INFO - the objective of the model is 14857597.756
2020-01-21 13:46:00,785 - main - INFO - dump model to file:

2020-01-21 13:46:00,834 - main - INFO - the model is end
2020-01-21 13:54:54,586 - main - INFO - loading the excel file ......
2020-01-21 13:55:05,667 - main - INFO - load the excel file over
2020-01-21 13:55:54,767 - main - INFO - the model 1 is running ....
2020-01-21 13:55:55,218 - main - INFO - the facility location optimized sucessfully !
2020-01-21 13:55:55,218 - main - INFO - the objective of the model is 14857597.756
2020-01-21 13:55:55,218 - main - INFO - dump model to file:

2020-01-21 13:55:55,267 - main - INFO - the model is end
2020-01-21 14:02:47,430 - main - INFO - loading the excel file ......
2020-01-21 14:02:58,242 - main - INFO - load the excel file over
2020-01-21 14:03:42,690 - main - INFO - loading the excel file ......
2020-01-21 14:03:52,710 - main - INFO - load the excel file over
2020-01-21 14:04:22,274 - main - INFO - loading the excel file ......
2020-01-21 14:04:32,583 - main - INFO - load the excel file over
2020-01-21 14:05:22,029 - main - INFO - the model 1 is running ....
2020-01-21 14:05:22,469 - main - INFO - the facility location optimized sucessfully !
2020-01-21 14:05:22,469 - main - INFO - the objective of the model is 20800505.35600001
2020-01-21 14:05:22,469 - main - INFO - dump model to file:

2020-01-21 14:05:22,519 - main - INFO - the model is end
2020-01-21 14:06:16,191 - main - INFO - loading the excel file ......
2020-01-21 14:06:26,949 - main - INFO - load the excel file over
2020-01-21 14:07:20,660 - main - INFO - the model 1 is running ....
2020-01-21 14:07:20,981 - main - INFO - the facility location optimized sucessfully !
2020-01-21 14:07:20,982 - main - INFO - the objective of the model is 21044180.809999995
2020-01-21 14:07:20,982 - main - INFO - dump model to file:

2020-01-21 14:07:21,039 - main - INFO - the model is end
2020-01-21 14:34:00,038 - main - INFO - loading the excel file ......
2020-01-21 14:34:11,301 - main - INFO - load the excel file over
2020-01-21 14:35:04,856 - main - INFO - the model 1 is running ....
2020-01-21 14:35:05,183 - main - INFO - the facility location optimized sucessfully !
2020-01-21 14:35:05,184 - main - INFO - the objective of the model is 21045688.61
2020-01-21 14:35:05,184 - main - INFO - dump model to file:

2020-01-21 14:35:05,236 - main - INFO - the model is end
2020-01-21 14:54:05,389 - main - INFO - loading the excel file ......
2020-01-21 14:54:15,002 - main - INFO - load the excel file over
2020-01-21 14:55:02,141 - main - INFO - the model 1 is running ....
2020-01-21 15:01:33,210 - main - INFO - loading the excel file ......
2020-01-21 15:01:43,417 - main - INFO - load the excel file over
2020-01-21 15:02:38,881 - main - INFO - the model 1 is running ....
2020-01-21 15:06:37,513 - main - INFO - loading the excel file ......
2020-01-21 15:06:51,250 - main - INFO - load the excel file over
2020-01-21 15:07:55,836 - main - INFO - the model 1 is running ....
2020-01-21 15:11:08,145 - main - INFO - loading the excel file ......
2020-01-21 15:11:19,099 - main - INFO - load the excel file over
2020-01-21 15:12:14,007 - main - INFO - the model 1 is running ....
2020-01-21 15:26:48,361 - main - INFO - loading the excel file ......
2020-01-21 15:26:59,406 - main - INFO - load the excel file over
2020-01-21 15:27:53,326 - main - INFO - the model 1 is running ....
2020-01-21 15:31:15,980 - main - INFO - loading the excel file ......
2020-01-21 15:31:26,397 - main - INFO - load the excel file over
2020-01-21 15:32:20,324 - main - INFO - the model 1 is running ....
2020-01-21 15:32:21,335 - main - INFO - the facility location optimized sucessfully !
2020-01-21 15:32:21,335 - main - INFO - the objective of the model is 85451661.07020001
2020-01-21 15:32:21,335 - main - INFO - dump model to file:

2020-01-21 15:32:21,481 - main - INFO - the model is end
2020-01-21 15:34:07,818 - main - INFO - loading the excel file ......
2020-01-21 15:34:18,141 - main - INFO - load the excel file over
2020-01-21 15:35:13,784 - main - INFO - the model 2 is running ....
2020-01-21 15:35:16,141 - main - INFO - the facility location optimized sucessfully !
2020-01-21 15:35:16,141 - main - INFO - the objective of the model is 63601879.509200014
2020-01-21 15:35:16,141 - main - INFO - dump model to file:

2020-01-21 15:35:16,312 - main - INFO - the model is end
2020-01-21 16:32:25,968 - main - INFO - loading the excel file ......
2020-01-21 16:32:37,919 - main - INFO - load the excel file over
2020-01-21 16:33:29,131 - main - INFO - the model 1 is running ....
2020-01-21 16:33:30,374 - main - INFO - the facility location optimized sucessfully !
2020-01-21 16:33:30,374 - main - INFO - the objective of the model is 85451661.07020001
2020-01-21 16:33:30,374 - main - INFO - dump model to file:

2020-01-21 16:33:30,550 - main - INFO - the model is end
2020-01-21 16:33:33,743 - main - INFO - the model 2 is running ....
2020-01-21 16:33:38,913 - main - INFO - the facility location optimized sucessfully !
2020-01-21 16:33:38,914 - main - INFO - the objective of the model is 63601879.509200014
2020-01-21 16:33:38,914 - main - INFO - dump model to file:

2020-01-21 16:33:39,196 - main - INFO - the model is end
2020-01-21 16:34:49,810 - main - INFO - loading the excel file ......
2020-01-21 16:35:00,498 - main - INFO - load the excel file over
2020-01-21 16:35:49,143 - main - INFO - the model 1 is running ....
2020-01-21 16:35:50,275 - main - INFO - the facility location optimized sucessfully !
2020-01-21 16:35:50,275 - main - INFO - the objective of the model is 85451661.0702
2020-01-21 16:35:50,275 - main - INFO - dump model to file:

2020-01-21 16:35:50,446 - main - INFO - the model is end
2020-01-21 16:35:53,041 - main - INFO - the model 2 is running ....
2020-01-21 16:35:55,287 - main - INFO - the facility location optimized sucessfully !
2020-01-21 16:35:55,287 - main - INFO - the objective of the model is 63601879.50920001
2020-01-21 16:35:55,287 - main - INFO - dump model to file:

2020-01-21 16:35:55,483 - main - INFO - the model is end
2020-01-21 16:43:18,544 - main - INFO - loading the excel file ......
2020-01-21 16:43:28,108 - main - INFO - load the excel file over
2020-01-21 16:44:18,054 - main - INFO - the model 1 is running ....
2020-01-21 16:44:19,455 - main - INFO - the facility location optimized sucessfully !
2020-01-21 16:44:19,456 - main - INFO - the objective of the model is 88596190.57019998
2020-01-21 16:44:19,456 - main - INFO - dump model to file:

2020-01-21 16:44:19,629 - main - INFO - the model is end
2020-01-21 16:44:24,260 - main - INFO - the model 2 is running ....
2020-01-21 16:44:26,641 - main - INFO - the facility location optimized sucessfully !
2020-01-21 16:44:26,642 - main - INFO - the objective of the model is 66746409.009199984
2020-01-21 16:44:26,642 - main - INFO - dump model to file:

2020-01-21 16:44:26,836 - main - INFO - the model is end
2020-01-21 17:45:01,995 - main - INFO - loading the excel file ......
2020-01-21 17:45:12,760 - main - INFO - load the excel file over
2020-01-21 17:46:05,988 - main - INFO - the model 1 is running ....
2020-01-21 17:46:55,592 - main - INFO - loading the excel file ......
2020-01-21 17:47:05,034 - main - INFO - load the excel file over
2020-01-21 17:47:54,684 - main - INFO - the model 1 is running ....
2020-01-21 17:47:55,784 - main - INFO - the facility location optimized sucessfully !
2020-01-21 17:47:55,785 - main - INFO - the objective of the model is 88596190.57019998
2020-01-21 17:47:55,785 - main - INFO - dump model to file:

2020-01-21 17:47:55,963 - main - INFO - the model is end
2020-01-21 17:47:58,570 - main - INFO - the model 2 is running ....
2020-01-21 17:48:00,591 - main - INFO - the facility location optimized sucessfully !
2020-01-21 17:48:00,591 - main - INFO - the objective of the model is 66746409.00919997
2020-01-21 17:48:00,591 - main - INFO - dump model to file:

2020-01-21 17:48:00,779 - main - INFO - the model is end
2020-01-21 18:10:06,550 - main - INFO - loading the excel file ......
2020-01-21 18:10:16,486 - main - INFO - load the excel file over
2020-01-21 18:11:08,060 - main - INFO - the model 1 is running ....
2020-01-21 18:11:09,246 - main - INFO - the facility location optimized sucessfully !
2020-01-21 18:11:09,246 - main - INFO - the objective of the model is 88596190.57019998
2020-01-21 18:11:09,246 - main - INFO - dump model to file:

2020-01-21 18:11:09,423 - main - INFO - the model is end
2020-01-21 18:11:11,979 - main - INFO - the model 2 is running ....
2020-01-21 18:11:13,872 - main - INFO - the facility location optimized sucessfully !
2020-01-21 18:11:13,872 - main - INFO - the objective of the model is 66746409.00919998
2020-01-21 18:11:13,872 - main - INFO - dump model to file:

2020-01-21 18:11:14,065 - main - INFO - the model is end
2020-01-21 18:34:08,723 - main - INFO - loading the excel file ......
2020-01-21 18:34:21,844 - main - INFO - load the excel file over
2020-01-21 18:47:44,018 - main - INFO - loading the excel file ......
2020-01-21 18:47:54,621 - main - INFO - load the excel file over
2020-01-21 18:48:47,347 - main - INFO - the model 1 is running ....
2020-01-21 18:48:48,798 - main - INFO - the facility location optimized sucessfully !
2020-01-21 18:48:48,798 - main - INFO - the objective of the model is 88596787.52719998
2020-01-21 18:48:48,798 - main - INFO - dump model to file:

2020-01-21 18:48:49,036 - main - INFO - the model is end
2020-01-21 18:48:52,164 - main - INFO - the model 2 is running ....
2020-01-21 18:48:54,179 - main - INFO - the facility location optimized sucessfully !
2020-01-21 18:48:54,180 - main - INFO - the objective of the model is 66746911.6492
2020-01-21 18:48:54,180 - main - INFO - dump model to file:

2020-01-21 18:48:54,461 - main - INFO - the model is end
2020-01-21 18:50:06,846 - main - INFO - loading the excel file ......
2020-01-21 18:50:16,541 - main - INFO - load the excel file over
2020-01-21 18:51:04,293 - main - INFO - the model 1 is running ....
2020-01-21 18:51:47,604 - main - INFO - loading the excel file ......
2020-01-21 18:51:59,022 - main - ERROR - load the excel file error int() argument must be a string, a bytes-like object or a number, not 'NoneType'
2020-01-21 18:53:17,384 - main - INFO - loading the excel file ......
2020-01-21 18:53:27,472 - main - INFO - load the excel file over
2020-01-21 18:54:17,251 - main - INFO - the model 1 is running ....
2020-01-21 18:54:18,408 - main - INFO - the facility location optimized sucessfully !
2020-01-21 18:54:18,408 - main - INFO - the objective of the model is 116986770.12720005
2020-01-21 18:54:18,408 - main - INFO - dump model to file:

2020-01-21 18:54:18,595 - main - INFO - the model is end
2020-01-21 18:54:21,329 - main - INFO - the model 2 is running ....
2020-01-21 18:54:23,294 - main - INFO - the facility location optimized sucessfully !
2020-01-21 18:54:23,294 - main - INFO - the objective of the model is 95136893.84955794
2020-01-21 18:54:23,295 - main - INFO - dump model to file:

2020-01-21 18:54:23,505 - main - INFO - the model is end
2020-01-21 21:28:57,709 - main - INFO - loading the excel file ......
2020-01-21 21:29:18,091 - main - INFO - load the excel file over
2020-01-21 21:30:45,638 - main - INFO - the model 1 is running ....
2020-01-21 21:30:49,672 - main - INFO - the facility location optimized sucessfully !
2020-01-21 21:30:49,672 - main - INFO - the objective of the model is 112314222.45220006
2020-01-21 21:30:49,672 - main - INFO - dump model to file:

2020-01-21 21:30:50,018 - main - INFO - the model is end
2020-01-21 21:32:51,731 - main - INFO - loading the excel file ......
2020-01-21 21:33:07,482 - main - INFO - load the excel file over
2020-01-21 21:33:59,466 - main - INFO - the model 1 is running ....
2020-01-21 21:34:00,641 - main - INFO - the facility location optimized sucessfully !
2020-01-21 21:34:00,641 - main - INFO - the objective of the model is 116986770.12719998
2020-01-21 21:34:00,641 - main - INFO - dump model to file:

2020-01-21 21:34:00,859 - main - INFO - the model is end
2020-01-21 21:38:23,409 - main - INFO - loading the excel file ......
2020-01-21 21:38:37,259 - main - INFO - load the excel file over
2020-01-21 21:39:27,556 - main - INFO - the model 1 is running ....
2020-01-21 21:39:28,728 - main - INFO - the facility location optimized sucessfully !
2020-01-21 21:39:28,728 - main - INFO - the objective of the model is 83562579.15199998
2020-01-21 21:39:28,728 - main - INFO - dump model to file:

2020-01-21 21:39:28,908 - main - INFO - the model is end
2020-01-21 22:19:15,074 - main - INFO - loading the excel file ......
2020-01-21 22:19:29,868 - main - INFO - load the excel file over
2020-01-21 22:20:20,392 - main - INFO - the model 1 is running ....
2020-01-21 22:20:21,578 - main - INFO - the facility location optimized sucessfully !
2020-01-21 22:20:21,578 - main - INFO - the objective of the model is 83562579.152
2020-01-21 22:20:21,578 - main - INFO - dump model to file:

2020-01-21 22:20:21,767 - main - INFO - the model is end
2020-01-21 22:28:13,471 - main - INFO - loading the excel file ......
2020-01-21 22:28:30,062 - main - INFO - load the excel file over
2020-01-21 22:29:57,966 - main - INFO - the model 1 is running ....
2020-01-21 22:29:59,924 - main - INFO - the facility location optimized sucessfully !
2020-01-21 22:29:59,925 - main - INFO - the objective of the model is 83562579.152
2020-01-21 22:29:59,925 - main - INFO - dump model to file:

2020-01-21 22:30:00,281 - main - INFO - the model is end
2020-01-21 22:34:30,252 - main - INFO - loading the excel file ......
2020-01-21 22:34:43,749 - main - INFO - load the excel file over
2020-01-21 22:35:34,065 - main - INFO - the model 1 is running ....
2020-01-21 22:35:35,243 - main - INFO - the facility location optimized sucessfully !
2020-01-21 22:35:35,244 - main - INFO - the objective of the model is 83562579.15199998
2020-01-21 22:35:35,244 - main - INFO - dump model to file:

2020-01-21 22:35:35,436 - main - INFO - the model is end
