2020-01-14 10:14:50,924 - main - INFO - loading the excel file ......
2020-01-14 10:15:01,637 - main - INFO - load the excel file over
2020-01-14 10:16:04,837 - main - INFO - the model 1 is running ....
2020-01-14 10:16:05,381 - main - INFO - the facility location optimized sucessfully !
2020-01-14 10:16:05,381 - main - INFO - the objective of the model is 64765801.1385046
2020-01-14 10:16:05,381 - main - INFO - dump model to file:

2020-01-14 10:16:05,481 - main - INFO - the model is end
2020-01-14 10:16:39,448 - main - INFO - loading the excel file ......
2020-01-14 10:16:49,334 - main - INFO - load the excel file over
2020-01-14 10:17:41,485 - main - INFO - the model 1 is running ....
2020-01-14 10:17:42,135 - main - INFO - the facility location optimized sucessfully !
2020-01-14 10:17:42,135 - main - INFO - the objective of the model is 60043002.4566652
2020-01-14 10:17:42,135 - main - INFO - dump model to file:

2020-01-14 10:17:42,211 - main - INFO - the model is end
2020-01-14 10:19:58,939 - main - INFO - loading the excel file ......
2020-01-14 10:20:13,438 - main - INFO - load the excel file over
2020-01-14 10:21:22,753 - main - INFO - the model 1 is running ....
2020-01-14 10:21:23,701 - main - INFO - the facility location optimized sucessfully !
2020-01-14 10:21:23,702 - main - INFO - the objective of the model is 61961671.33061319
2020-01-14 10:21:23,702 - main - INFO - dump model to file:

2020-01-14 10:21:23,807 - main - INFO - the model is end
2020-01-14 10:24:36,977 - main - INFO - loading the excel file ......
2020-01-14 10:24:47,970 - main - INFO - load the excel file over
2020-01-14 10:25:52,992 - main - INFO - the model 1 is running ....
2020-01-14 10:25:53,360 - main - INFO - the facility location optimized sucessfully !
2020-01-14 10:25:53,361 - main - INFO - the objective of the model is 66801893.52166979
2020-01-14 10:25:53,361 - main - INFO - dump model to file:

2020-01-14 10:25:53,423 - main - INFO - the model is end
2020-01-14 11:09:14,535 - main - INFO - loading the excel file ......
2020-01-14 11:09:27,896 - main - INFO - load the excel file over
2020-01-14 11:10:16,900 - main - INFO - the model 1 is running ....
2020-01-14 11:10:17,238 - main - INFO - the facility location optimized sucessfully !
2020-01-14 11:10:17,238 - main - INFO - the objective of the model is 66801893.521669805
2020-01-14 11:10:17,238 - main - INFO - dump model to file:

2020-01-14 11:10:17,302 - main - INFO - the model is end
2020-01-14 11:10:57,349 - main - INFO - loading the excel file ......
2020-01-14 11:11:13,223 - main - INFO - load the excel file over
2020-01-14 11:12:04,067 - main - INFO - the model 1 is running ....
2020-01-14 11:12:04,431 - main - INFO - the facility location optimized sucessfully !
2020-01-14 11:12:04,431 - main - INFO - the objective of the model is 66801893.521669805
2020-01-14 11:12:04,431 - main - INFO - dump model to file:

2020-01-14 11:12:04,496 - main - INFO - the model is end
2020-01-14 12:31:54,349 - main - INFO - loading the excel file ......
2020-01-14 12:32:05,721 - main - INFO - load the excel file over
2020-01-14 12:33:23,797 - main - INFO - the model 1 is running ....
2020-01-14 12:33:24,635 - main - INFO - the facility location optimized sucessfully !
2020-01-14 12:33:24,635 - main - INFO - the objective of the model is 61961671.3306132
2020-01-14 12:33:24,635 - main - INFO - dump model to file:

2020-01-14 12:33:24,758 - main - INFO - the model is end
2020-01-14 12:39:11,757 - main - INFO - loading the excel file ......
2020-01-14 12:39:22,647 - main - INFO - load the excel file over
2020-01-14 12:40:17,460 - main - INFO - the model 1 is running ....
2020-01-14 12:40:18,027 - main - INFO - the facility location optimized sucessfully !
2020-01-14 12:40:18,027 - main - INFO - the objective of the model is 15620299.511689397
2020-01-14 12:40:18,027 - main - INFO - dump model to file:

2020-01-14 12:40:18,083 - main - INFO - the model is end
2020-01-14 12:42:16,341 - main - INFO - loading the excel file ......
2020-01-14 12:42:26,550 - main - INFO - load the excel file over
2020-01-14 12:42:42,857 - main - INFO - loading the excel file ......
2020-01-14 12:42:52,906 - main - INFO - load the excel file over
2020-01-14 12:43:45,941 - main - INFO - the model 1 is running ....
2020-01-14 12:43:46,300 - main - INFO - the facility location optimized sucessfully !
2020-01-14 12:43:46,300 - main - INFO - the objective of the model is 16004832.476193998
2020-01-14 12:43:46,300 - main - INFO - dump model to file:

2020-01-14 12:43:46,358 - main - INFO - the model is end
2020-01-14 12:45:13,688 - main - INFO - loading the excel file ......
2020-01-14 12:45:24,005 - main - INFO - load the excel file over
2020-01-14 12:46:19,053 - main - INFO - the model 1 is running ....
2020-01-14 12:46:19,531 - main - INFO - the facility location optimized sucessfully !
2020-01-14 12:46:19,532 - main - INFO - the objective of the model is 16004832.476193998
2020-01-14 12:46:19,532 - main - INFO - dump model to file:

2020-01-14 12:46:19,586 - main - INFO - the model is end
2020-01-14 13:34:22,877 - main - INFO - loading the excel file ......
2020-01-14 13:34:35,523 - main - INFO - load the excel file over
2020-01-14 13:35:36,030 - main - INFO - the model 1 is running ....
2020-01-14 13:35:36,586 - main - INFO - the facility location optimized sucessfully !
2020-01-14 13:35:36,586 - main - INFO - the objective of the model is 15620299.511689397
2020-01-14 13:35:36,586 - main - INFO - dump model to file:

2020-01-14 13:35:36,646 - main - INFO - the model is end
2020-01-14 13:38:20,298 - main - INFO - loading the excel file ......
2020-01-14 13:38:32,374 - main - INFO - load the excel file over
2020-01-14 13:39:35,580 - main - INFO - the model 1 is running ....
2020-01-14 13:39:36,188 - main - INFO - the facility location optimized sucessfully !
2020-01-14 13:39:36,188 - main - INFO - the objective of the model is 15620299.511689397
2020-01-14 13:39:36,188 - main - INFO - dump model to file:

2020-01-14 13:39:36,256 - main - INFO - the model is end
2020-01-14 13:42:53,924 - main - INFO - loading the excel file ......
2020-01-14 13:43:04,047 - main - INFO - load the excel file over
2020-01-14 13:43:56,363 - main - INFO - the model 1 is running ....
2020-01-14 13:43:56,707 - main - INFO - the facility location optimized sucessfully !
2020-01-14 13:43:56,707 - main - INFO - the objective of the model is 16004832.476193994
2020-01-14 13:43:56,708 - main - INFO - dump model to file:

2020-01-14 13:43:56,765 - main - INFO - the model is end
2020-01-14 14:04:58,724 - main - INFO - loading the excel file ......
2020-01-14 14:05:11,176 - main - INFO - load the excel file over
2020-01-14 14:06:08,436 - main - INFO - the model 1 is running ....
2020-01-14 14:06:08,988 - main - INFO - the facility location optimized sucessfully !
2020-01-14 14:06:08,988 - main - INFO - the objective of the model is 15620299.5116894
2020-01-14 14:06:08,988 - main - INFO - dump model to file:

2020-01-14 14:06:09,055 - main - INFO - the model is end
2020-01-14 14:15:54,876 - main - INFO - loading the excel file ......
2020-01-14 14:16:05,130 - main - INFO - load the excel file over
2020-01-14 14:16:57,354 - main - INFO - the model 1 is running ....
2020-01-14 14:16:57,914 - main - INFO - the facility location optimized sucessfully !
2020-01-14 14:16:57,914 - main - INFO - the objective of the model is 16453894.097193995
2020-01-14 14:16:57,914 - main - INFO - dump model to file:

2020-01-14 14:16:57,984 - main - INFO - the model is end
2020-01-14 14:18:18,140 - main - INFO - loading the excel file ......
2020-01-14 14:18:28,266 - main - INFO - load the excel file over
2020-01-14 14:19:21,074 - main - INFO - the model 1 is running ....
2020-01-14 14:19:21,443 - main - INFO - the facility location optimized sucessfully !
2020-01-14 14:19:21,443 - main - INFO - the objective of the model is 16838816.783689395
2020-01-14 14:19:21,444 - main - INFO - dump model to file:

2020-01-14 14:19:21,500 - main - INFO - the model is end
2020-01-14 14:21:00,599 - main - INFO - loading the excel file ......
2020-01-14 14:21:12,087 - main - INFO - load the excel file over
2020-01-14 14:22:05,138 - main - INFO - the model 1 is running ....
2020-01-14 14:22:05,513 - main - INFO - the facility location optimized sucessfully !
2020-01-14 14:22:05,513 - main - INFO - the objective of the model is 91782253.5846894
2020-01-14 14:22:05,513 - main - INFO - dump model to file:

2020-01-14 14:22:05,579 - main - INFO - the model is end
2020-01-14 14:22:33,777 - main - INFO - loading the excel file ......
2020-01-14 14:22:46,073 - main - INFO - load the excel file over
2020-01-14 14:23:38,467 - main - INFO - the model 1 is running ....
2020-01-14 14:23:39,012 - main - INFO - the facility location optimized sucessfully !
2020-01-14 14:23:39,012 - main - INFO - the objective of the model is 70865180.09761322
2020-01-14 14:23:39,012 - main - INFO - dump model to file:

2020-01-14 14:23:39,088 - main - INFO - the model is end
2020-01-14 14:26:41,866 - main - INFO - loading the excel file ......
2020-01-14 14:26:52,350 - main - INFO - load the excel file over
2020-01-14 14:27:48,189 - main - INFO - the model 1 is running ....
2020-01-14 14:27:48,700 - main - INFO - the facility location optimized sucessfully !
2020-01-14 14:27:48,700 - main - INFO - the objective of the model is 91560100.99761318
2020-01-14 14:27:48,700 - main - INFO - dump model to file:

2020-01-14 14:27:48,769 - main - INFO - the model is end
2020-01-14 18:10:01,844 - main - INFO - loading the excel file ......
2020-01-14 18:10:12,928 - main - INFO - load the excel file over
2020-01-14 18:11:06,654 - main - INFO - the model 1 is running ....
2020-01-14 18:11:07,201 - main - INFO - the facility location optimized sucessfully !
2020-01-14 18:11:07,201 - main - INFO - the objective of the model is 78091230.20361319
2020-01-14 18:11:07,202 - main - INFO - dump model to file:

2020-01-14 18:11:07,271 - main - INFO - the model is end
2020-01-14 18:11:27,165 - main - INFO - loading the excel file ......
2020-01-14 18:11:37,465 - main - INFO - load the excel file over
2020-01-14 18:12:29,293 - main - INFO - the model 1 is running ....
2020-01-14 18:12:29,847 - main - INFO - the facility location optimized sucessfully !
2020-01-14 18:12:29,847 - main - INFO - the objective of the model is -324493952.79638624
2020-01-14 18:12:29,847 - main - INFO - dump model to file:

2020-01-14 18:12:29,919 - main - INFO - the model is end
2020-01-14 18:19:29,892 - main - INFO - loading the excel file ......
2020-01-14 18:19:40,303 - main - INFO - load the excel file over
2020-01-14 18:20:01,904 - main - INFO - loading the excel file ......
2020-01-14 18:20:11,652 - main - INFO - load the excel file over
2020-01-14 18:21:03,930 - main - INFO - the model 1 is running ....
2020-01-14 18:21:04,452 - main - INFO - the facility location optimized sucessfully !
2020-01-14 18:21:04,452 - main - INFO - the objective of the model is 112620357.20361322
2020-01-14 18:21:04,452 - main - INFO - dump model to file:

2020-01-14 18:21:04,530 - main - INFO - the model is end
