2020-01-20 14:28:56,853 - main - INFO - loading the excel file ......
2020-01-20 14:29:09,891 - main - INFO - load the excel file over
2020-01-20 14:30:02,833 - main - INFO - loading the excel file ......
2020-01-20 14:30:14,011 - main - INFO - load the excel file over
2020-01-20 14:30:20,921 - main - INFO - loading the excel file ......
2020-01-20 14:30:31,420 - main - INFO - load the excel file over
2020-01-20 14:31:24,400 - main - INFO - the model 1 is running ....
2020-01-20 14:31:58,736 - main - INFO - loading the excel file ......
2020-01-20 14:32:09,152 - main - INFO - load the excel file over
2020-01-20 14:32:59,731 - main - INFO - the model 1 is running ....
2020-01-20 14:32:59,881 - main - INFO - the facility location optimized sucessfully !
2020-01-20 14:32:59,881 - main - INFO - the objective of the model is 153769571.406
2020-01-20 14:32:59,881 - main - INFO - dump model to file:

2020-01-20 14:32:59,909 - main - INFO - the model is end
2020-01-20 14:40:24,343 - main - INFO - loading the excel file ......
2020-01-20 14:40:35,821 - main - INFO - load the excel file over
2020-01-20 14:41:29,720 - main - INFO - the model 1 is running ....
2020-01-20 14:43:06,737 - main - INFO - loading the excel file ......
2020-01-20 14:43:17,645 - main - INFO - load the excel file over
2020-01-20 14:44:14,159 - main - INFO - the model 1 is running ....
2020-01-20 14:44:14,434 - main - INFO - the facility location optimized sucessfully !
2020-01-20 14:44:14,434 - main - INFO - the objective of the model is 153769571.406
2020-01-20 14:44:14,434 - main - INFO - dump model to file:

2020-01-20 14:44:14,483 - main - INFO - the model is end
2020-01-20 14:45:15,100 - main - INFO - loading the excel file ......
2020-01-20 14:45:27,524 - main - INFO - load the excel file over
2020-01-20 14:46:17,992 - main - INFO - the model 1 is running ....
2020-01-20 14:46:18,440 - main - INFO - the facility location optimized sucessfully !
2020-01-20 14:46:18,441 - main - INFO - the objective of the model is 73314768.49
2020-01-20 14:46:18,441 - main - INFO - dump model to file:

2020-01-20 14:46:18,508 - main - INFO - the model is end
2020-01-20 15:04:24,332 - main - INFO - loading the excel file ......
2020-01-20 15:04:35,607 - main - ERROR - load the excel file error '城市代码'
2020-01-20 15:05:14,888 - main - INFO - loading the excel file ......
2020-01-20 15:05:25,608 - main - ERROR - load the excel file error '城市代码'
2020-01-20 15:06:24,524 - main - INFO - loading the excel file ......
2020-01-20 15:06:36,109 - main - ERROR - load the excel file error '城市代码'
2020-01-20 15:07:04,923 - main - INFO - loading the excel file ......
2020-01-20 15:07:16,960 - main - ERROR - load the excel file error '城市代码'
2020-01-20 15:08:17,107 - main - INFO - loading the excel file ......
2020-01-20 15:08:28,425 - main - ERROR - load the excel file error '城市代码'
2020-01-20 15:10:42,439 - main - INFO - loading the excel file ......
2020-01-20 15:10:58,739 - main - ERROR - load the excel file error (-2146827864, 'OLE error 0x800a01a8', None, None)
2020-01-20 15:11:11,607 - main - INFO - loading the excel file ......
2020-01-20 15:11:28,165 - main - ERROR - load the excel file error '城市代码'
2020-01-20 15:12:57,237 - main - INFO - loading the excel file ......
2020-01-20 15:13:07,773 - main - INFO - loading the excel file ......
2020-01-20 15:13:21,889 - main - INFO - load the excel file over
2020-01-20 15:14:14,270 - main - INFO - the model 1 is running ....
2020-01-20 15:14:14,902 - main - INFO - the facility location optimized sucessfully !
2020-01-20 15:14:14,902 - main - INFO - the objective of the model is 7147084.041999996
2020-01-20 15:14:14,902 - main - INFO - dump model to file:

2020-01-20 15:14:14,953 - main - INFO - the model is end
2020-01-20 15:18:52,004 - main - INFO - loading the excel file ......
2020-01-20 15:19:10,556 - main - INFO - load the excel file over
2020-01-20 15:20:10,841 - main - INFO - the model 1 is running ....
2020-01-20 15:20:11,364 - main - INFO - the facility location optimized sucessfully !
2020-01-20 15:20:11,365 - main - INFO - the objective of the model is 17121496.042
2020-01-20 15:20:11,365 - main - INFO - dump model to file:

2020-01-20 15:20:11,431 - main - INFO - the model is end
