
Gurobi 8.0.1 (win64, Python) logging started 11/18/20 15:03:29

Compute Server job ID: ee05522f-873d-4cd8-8b9a-1aa6380f6f46
Capacity available on '10.202.116.175:80' - connecting...
Established HTTP unencrypted connection

Compute Server communication statistics:
  Sent: 0.0 MBytes in 17 msgs and 0.00s (0.00 MB/s)
  Received: 0.0 MBytes in 14 msgs and 0.00s (0.00 MB/s)


Gurobi 8.0.1 (win64, Python) logging started 11/18/20 15:04:53

Compute Server job ID: c8456745-deeb-4683-b96e-c2126ac4c84a
Capacity available on '10.202.116.175:80' - connecting...
Established HTTP unencrypted connection

Gurobi 8.0.1 (win64, Python) logging started 11/18/20 15:07:39

Compute Server job ID: fedc0e5d-9bc6-4500-a661-b511edeb4de5
Capacity available on '10.202.116.175:80' - connecting...
Established HTTP unencrypted connection

Compute Server communication statistics:
  Sent: 0.0 MBytes in 17 msgs and 0.00s (0.00 MB/s)
  Received: 0.0 MBytes in 14 msgs and 0.00s (0.00 MB/s)


Gurobi 8.0.1 (win64, Python) logging started 11/18/20 15:08:25

Compute Server job ID: b322d707-5974-4007-a6af-faea6d278f27
Capacity available on '10.202.116.175:80' - connecting...
Established HTTP unencrypted connection
Optimize a model with 310 rows, 5820 columns and 17280 nonzeros
Variable types: 120 continuous, 5700 integer (5700 binary)
Coefficient statistics:
  Matrix range     [1e+00, 9e+01]
  Objective range  [1e+00, 1e+02]
  Bounds range     [1e+00, 1e+00]
  RHS range        [1e+00, 6e+02]
Found heuristic solution: objective 326952.00000
Presolve removed 60 rows and 60 columns
Presolve time: 0.12s
Presolved: 250 rows, 5760 columns, 17160 nonzeros
Variable types: 0 continuous, 5760 integer (5700 binary)

Root relaxation: objective 5.713300e+04, 968 iterations, 0.16 seconds

    Nodes    |    Current Node    |     Objective Bounds      |     Work
 Expl Unexpl |  Obj  Depth IntInf | Incumbent    BestBd   Gap | It/Node Time

     0     0 57133.0000    0   14 326952.000 57133.0000  82.5%     -    0s
H    0     0                    57752.000000 57133.0000  1.07%     -    0s
H    0     0                    57710.000000 57133.0000  1.00%     -    0s
H    0     0                    57403.000000 57133.0000  0.47%     -    2s
     0     0 57133.0000    0   44 57403.0000 57133.0000  0.47%     -    2s
     0     0 57133.0000    0   40 57403.0000 57133.0000  0.47%     -    2s
     0     0 57133.0000    0   21 57403.0000 57133.0000  0.47%     -    3s
     0     0 57133.0000    0   31 57403.0000 57133.0000  0.47%     -    3s
     0     0 57133.0000    0   23 57403.0000 57133.0000  0.47%     -    3s
     0     0 57133.0000    0   23 57403.0000 57133.0000  0.47%     -    3s
     0     2 57133.0000    0   21 57403.0000 57133.0000  0.47%     -    4s
   150   150 57133.0000   20   25 57403.0000 57133.0000  0.47%  11.6    6s
H  154   155                    57325.000000 57133.0000  0.33%  11.4    6s
H  157   158                    57319.000000 57133.0000  0.32%  11.2    6s
  4323  3784 57133.0000   28   32 57319.0000 57133.0000  0.32%   7.4   10s
H 4662  3886                    57289.000000 57133.0000  0.27%   7.2   14s
  4665  3888 57133.0000  268   16 57289.0000 57133.0000  0.27%   7.2   15s
H 4666  3694                    57275.000000 57133.0000  0.25%   7.2   15s
  4682  3708 57133.0000   13   18 57275.0000 57133.0000  0.25%  15.0   21s
H 4712  3557                    57221.000000 57133.0000  0.15%  15.1   24s
H 4718  3378                    57203.000000 57133.0000  0.12%  15.1   24s
  4776  3416 57133.0000   19   19 57203.0000 57133.0000  0.12%  15.2   25s
  6220  4324 57133.0000   61   19 57203.0000 57133.0000  0.12%  14.9   30s
  8307  5573 57133.0000  117   17 57203.0000 57133.0000  0.12%  13.5   35s
H 8309  5398                    57197.000000 57133.0000  0.11%  13.5   35s
H 8314  5069                    57185.000000 57133.0000  0.09%  13.5   35s
 13802  8116 57133.0000  302   26 57185.0000 57133.0000  0.09%  12.6   40s
 21224 13817 57133.0000  543   37 57185.0000 57133.0000  0.09%  11.5   45s
H22753 14685                    57179.000000 57133.0000  0.08%  11.2   47s
H22791 13741                    57173.000000 57133.0000  0.07%  11.2   47s
 25553 15896 57133.0000  694   35 57173.0000 57133.0000  0.07%  10.8   50s
H29444 18937                    57167.000000 57133.0000  0.06%  10.3   53s
H30224 19694                    57162.000000 57133.0000  0.05%  10.2   53s
 32042 21518 57133.0000  299   19 57162.0000 57133.0000  0.05%  10.1   55s
 40274 29096 57133.0000  811   27 57162.0000 57133.0000  0.05%   9.4   60s
 41643 30406 57133.0000  909   32 57162.0000 57133.0000  0.05%   9.4   78s
 46860 35289 57133.0000 1285   32 57162.0000 57133.0000  0.05%   9.1   80s
H50900 38978                    57156.000000 57133.0000  0.04%   8.9   84s

Gurobi 8.0.1 (win64, Python) logging started 11/18/20 15:09:59

Compute Server job ID: 0b9daa7c-de40-4b00-87ac-0e43c8cd7d75
Capacity available on '10.202.116.175:80' - connecting...
Established HTTP unencrypted connection
Optimize a model with 310 rows, 5820 columns and 17280 nonzeros
Variable types: 120 continuous, 5700 integer (5700 binary)
Coefficient statistics:
  Matrix range     [1e+00, 9e+01]
  Objective range  [1e+00, 1e+02]
  Bounds range     [1e+00, 1e+00]
  RHS range        [1e+00, 6e+02]
Found heuristic solution: objective 326952.00000
Presolve removed 60 rows and 60 columns
Presolve time: 0.16s
Presolved: 250 rows, 5760 columns, 17160 nonzeros
Variable types: 0 continuous, 5760 integer (5700 binary)

Root relaxation: objective 5.713300e+04, 968 iterations, 0.19 seconds

    Nodes    |    Current Node    |     Objective Bounds      |     Work
 Expl Unexpl |  Obj  Depth IntInf | Incumbent    BestBd   Gap | It/Node Time

     0     0 57133.0000    0   14 326952.000 57133.0000  82.5%     -    1s
H    0     0                    57752.000000 57133.0000  1.07%     -    1s
H    0     0                    57710.000000 57133.0000  1.00%     -    1s
H    0     0                    57403.000000 57133.0000  0.47%     -    3s
     0     0 57133.0000    0   44 57403.0000 57133.0000  0.47%     -    3s
     0     0 57133.0000    0   40 57403.0000 57133.0000  0.47%     -    4s
     0     0 57133.0000    0   21 57403.0000 57133.0000  0.47%     -    4s
     0     0 57133.0000    0   31 57403.0000 57133.0000  0.47%     -    4s
     0     0 57133.0000    0   23 57403.0000 57133.0000  0.47%     -    5s
     0     0 57133.0000    0   23 57403.0000 57133.0000  0.47%     -    5s
     0     2 57133.0000    0   21 57403.0000 57133.0000  0.47%     -    6s
H  154   155                    57325.000000 57133.0000  0.33%  11.4    9s
H  157   158                    57319.000000 57133.0000  0.32%  11.2    9s
   276   270 57133.0000   31   17 57319.0000 57133.0000  0.32%   9.5   10s
  4660  4090 57318.0000  236   23 57319.0000 57133.0000  0.32%   7.2   16s
H 4662  3886                    57289.000000 57133.0000  0.27%   7.2   20s
H 4666  3694                    57275.000000 57133.0000  0.25%   7.2   22s
  4673  3699 57275.0000  158   10 57275.0000 57133.0000  0.25%   7.2   25s
  4682  3708 57133.0000   13   18 57275.0000 57133.0000  0.25%  15.0   30s
H 4712  3557                    57221.000000 57133.0000  0.15%  15.1   35s
H 4718  3378                    57203.000000 57133.0000  0.12%  15.1   35s
  5077  3615 57133.0000   27   20 57203.0000 57133.0000  0.12%  15.6   42s
  7440  5064 57133.0000   99   17 57203.0000 57133.0000  0.12%  14.0   45s
H 8309  5398                    57197.000000 57133.0000  0.11%  13.5   49s
H 8314  5069                    57185.000000 57133.0000  0.09%  13.5   49s
  8323  5071 57133.0000  118   16 57185.0000 57133.0000  0.09%  13.5   50s
 13802  8116 57133.0000  302   26 57185.0000 57133.0000  0.09%  12.6   55s
 21224 13817 57133.0000  543   37 57185.0000 57133.0000  0.09%  11.5   61s
H22753 14685                    57179.000000 57133.0000  0.08%  11.2   62s
H22791 13741                    57173.000000 57133.0000  0.07%  11.2   62s
 25553 15896 57133.0000  694   35 57173.0000 57133.0000  0.07%  10.8   65s
H29444 18937                    57167.000000 57133.0000  0.06%  10.3   68s
H30224 19694                    57162.000000 57133.0000  0.05%  10.2   69s
 32042 21518 57133.0000  299   19 57162.0000 57133.0000  0.05%  10.1   70s
 40274 29096 57133.0000  811   27 57162.0000 57133.0000  0.05%   9.4   75s
 41643 30406 57133.0000  909   32 57162.0000 57133.0000  0.05%   9.4   93s
 46860 35289 57133.0000 1285   32 57162.0000 57133.0000  0.05%   9.1   96s
H50900 38978                    57156.000000 57133.0000  0.04%   8.9   99s
 50908 38963 57133.0000 1565   29 57156.0000 57133.0000  0.04%   8.9  100s
 62916 50091 57133.0000  354   30 57156.0000 57133.0000  0.04%   8.6  105s
 71815 57590 57133.0000  877   36 57156.0000 57133.0000  0.04%   8.5  110s
 83920 68796 57133.0000  754   31 57156.0000 57133.0000  0.04%   8.3  116s
 85900 70632 57133.0000  883   33 57156.0000 57133.0000  0.04%   8.3  120s
 96692 80603 57133.0000 1582   26 57156.0000 57133.0000  0.04%   8.0  125s
 107930 90260 57133.0000  380   27 57156.0000 57133.0000  0.04%   7.8  131s
 117284 97793 57133.0000 1021   32 57156.0000 57133.0000  0.04%   7.8  135s
 127819 106926 57133.0000 1849   26 57156.0000 57133.0000  0.04%   7.7  141s
H132171 106422                    57150.000000 57133.0000  0.03%   7.7  144s
 132183 106423 57133.0000 2200   31 57150.0000 57133.0000  0.03%   7.7  145s
 142545 115637 57133.0000  842   27 57150.0000 57133.0000  0.03%   7.6  150s
H143225 106421                    57139.000000 57133.0000  0.01%   7.6  150s
H143892   122                    57133.000000 57133.0000  0.00%   7.6  152s

Cutting planes:
  Cover: 1
  MIR: 1
  StrongCG: 3
  Flow cover: 11

Explored 146047 nodes (1112689 simplex iterations) in 152.27 seconds
Thread count was 16 (of 16 available processors)

Solution count 10: 57133 57139 57150 ... 57197

Optimal solution found (tolerance 1.00e-04)
Best objective 5.713300000000e+04, best bound 5.713300000000e+04, gap 0.0000%

Compute Server communication statistics:
  Sent: 0.0 MBytes in 33 msgs and 0.00s (0.00 MB/s)
  Received: 0.1 MBytes in 252 msgs and 0.00s (0.00 MB/s)


Gurobi 8.0.1 (win64, Python) logging started 11/18/20 15:20:46

Compute Server job ID: 3e95e1fe-2bd8-4931-b734-2a5765523039
Capacity available on '10.202.116.175:80' - connecting...
Established HTTP unencrypted connection
Optimize a model with 310 rows, 5820 columns and 17280 nonzeros
Variable types: 120 continuous, 5700 integer (5700 binary)
Coefficient statistics:
  Matrix range     [1e+00, 9e+01]
  Objective range  [1e+00, 1e+02]
  Bounds range     [1e+00, 1e+00]
  RHS range        [1e+00, 6e+02]
Found heuristic solution: objective 326952.00000
Presolve removed 60 rows and 60 columns
Presolve time: 0.11s
Presolved: 250 rows, 5760 columns, 17160 nonzeros
Variable types: 0 continuous, 5760 integer (5700 binary)

Root relaxation: objective 5.713300e+04, 968 iterations, 0.21 seconds

    Nodes    |    Current Node    |     Objective Bounds      |     Work
 Expl Unexpl |  Obj  Depth IntInf | Incumbent    BestBd   Gap | It/Node Time

     0     0 57133.0000    0   14 326952.000 57133.0000  82.5%     -    0s
H    0     0                    57752.000000 57133.0000  1.07%     -    0s
H    0     0                    57710.000000 57133.0000  1.00%     -    0s
H    0     0                    57403.000000 57133.0000  0.47%     -    2s
     0     0 57133.0000    0   44 57403.0000 57133.0000  0.47%     -    2s
     0     0 57133.0000    0   40 57403.0000 57133.0000  0.47%     -    2s
     0     0 57133.0000    0   21 57403.0000 57133.0000  0.47%     -    3s
     0     0 57133.0000    0   31 57403.0000 57133.0000  0.47%     -    3s
     0     0 57133.0000    0   23 57403.0000 57133.0000  0.47%     -    3s
     0     0 57133.0000    0   23 57403.0000 57133.0000  0.47%     -    3s
     0     2 57133.0000    0   21 57403.0000 57133.0000  0.47%     -    4s
   150   150 57133.0000   20   25 57403.0000 57133.0000  0.47%  11.6    5s
H  154   155                    57325.000000 57133.0000  0.33%  11.4    5s
H  157   158                    57319.000000 57133.0000  0.32%  11.2    5s
  4660  4090 57318.0000  236   23 57319.0000 57133.0000  0.32%   7.2   11s
H 4662  3886                    57289.000000 57133.0000  0.27%   7.2   13s
H 4666  3694                    57275.000000 57133.0000  0.25%   7.2   15s
  4682  3708 57133.0000   13   18 57275.0000 57133.0000  0.25%  15.0   20s
H 4712  3557                    57221.000000 57133.0000  0.15%  15.1   24s
H 4718  3378                    57203.000000 57133.0000  0.12%  15.1   24s
  4832  3447 57133.0000   21   19 57203.0000 57133.0000  0.12%  15.2   25s
  6220  4324 57133.0000   61   19 57203.0000 57133.0000  0.12%  14.9   30s
H 8309  5398                    57197.000000 57133.0000  0.11%  13.5   34s
H 8314  5069                    57185.000000 57133.0000  0.09%  13.5   34s
  8323  5071 57133.0000  118   16 57185.0000 57133.0000  0.09%  13.5   35s
 15023  9096 57133.0000  338   27 57185.0000 57133.0000  0.09%  12.4   40s
 22751 14936 57133.0000  588   34 57185.0000 57133.0000  0.09%  11.2   46s
H22753 14685                    57179.000000 57133.0000  0.08%  11.2   46s
H22791 13741                    57173.000000 57133.0000  0.07%  11.2   46s
 25553 15896 57133.0000  694   35 57173.0000 57133.0000  0.07%  10.8   50s
H29444 18937                    57167.000000 57133.0000  0.06%  10.3   53s
H30224 19694                    57162.000000 57133.0000  0.05%  10.2   53s
 32042 21518 57133.0000  299   19 57162.0000 57133.0000  0.05%  10.1   55s
 41643 30406 57133.0000  909   32 57162.0000 57133.0000  0.05%   9.4   78s
 46860 35289 57133.0000 1285   32 57162.0000 57133.0000  0.05%   9.1   81s
H50900 38978                    57156.000000 57133.0000  0.04%   8.9   84s
 50908 38963 57133.0000 1565   29 57156.0000 57133.0000  0.04%   8.9   85s
 62916 50091 57133.0000  354   30 57156.0000 57133.0000  0.04%   8.6   91s
 71113 57092 57133.0000  849   39 57156.0000 57133.0000  0.04%   8.5   95s
 81964 66985 57133.0000  633   28 57156.0000 57133.0000  0.04%   8.3  100s
 85884 70619 57133.0000  882   26 57156.0000 57133.0000  0.04%   8.3  105s
 96692 80603 57133.0000 1582   26 57156.0000 57133.0000  0.04%   8.0  110s
 107930 90260 57133.0000  380   27 57156.0000 57133.0000  0.04%   7.8  115s
 117284 97793 57133.0000 1021   32 57156.0000 57133.0000  0.04%   7.8  120s
 127819 106926 57133.0000 1849   26 57156.0000 57133.0000  0.04%   7.7  125s
H132171 106422                    57150.000000 57133.0000  0.03%   7.7  129s
 132183 106423 57133.0000 2200   31 57150.0000 57133.0000  0.03%   7.7  130s
 142545 115637 57133.0000  842   27 57150.0000 57133.0000  0.03%   7.6  135s
H143225 106421                    57139.000000 57133.0000  0.01%   7.6  135s
H143892   122                    57133.000000 57133.0000  0.00%   7.6  136s

Cutting planes:
  Cover: 1
  MIR: 1
  StrongCG: 3
  Flow cover: 11

Explored 146047 nodes (1112689 simplex iterations) in 136.76 seconds
Thread count was 16 (of 16 available processors)

Solution count 10: 57133 57139 57150 ... 57197

Optimal solution found (tolerance 1.00e-04)
Best objective 5.713300000000e+04, best bound 5.713300000000e+04, gap 0.0000%

Compute Server communication statistics:
  Sent: 0.0 MBytes in 33 msgs and 0.00s (0.00 MB/s)
  Received: 0.1 MBytes in 231 msgs and 0.00s (0.00 MB/s)


Gurobi 8.0.1 (win64, Python) logging started 11/18/20 15:33:11

Compute Server job ID: d150402a-8e95-40e0-aaf5-dd321ce1a823
Capacity available on '10.202.116.175:80' - connecting...
Established HTTP unencrypted connection
Optimize a model with 310 rows, 5820 columns and 17280 nonzeros
Variable types: 120 continuous, 5700 integer (5700 binary)
Coefficient statistics:
  Matrix range     [1e+00, 9e+01]
  Objective range  [1e+00, 1e+02]
  Bounds range     [1e+00, 1e+00]
  RHS range        [1e+00, 6e+02]
Found heuristic solution: objective 326952.00000
Presolve removed 60 rows and 60 columns
Presolve time: 0.17s
Presolved: 250 rows, 5760 columns, 17160 nonzeros
Variable types: 0 continuous, 5760 integer (5700 binary)

Root relaxation: objective 5.713300e+04, 968 iterations, 0.14 seconds

    Nodes    |    Current Node    |     Objective Bounds      |     Work
 Expl Unexpl |  Obj  Depth IntInf | Incumbent    BestBd   Gap | It/Node Time

     0     0 57133.0000    0   14 326952.000 57133.0000  82.5%     -    0s
H    0     0                    57752.000000 57133.0000  1.07%     -    0s
H    0     0                    57710.000000 57133.0000  1.00%     -    0s
H    0     0                    57403.000000 57133.0000  0.47%     -    2s
     0     0 57133.0000    0   44 57403.0000 57133.0000  0.47%     -    2s
     0     0 57133.0000    0   40 57403.0000 57133.0000  0.47%     -    2s
     0     0 57133.0000    0   21 57403.0000 57133.0000  0.47%     -    3s
     0     0 57133.0000    0   31 57403.0000 57133.0000  0.47%     -    3s
     0     0 57133.0000    0   23 57403.0000 57133.0000  0.47%     -    3s
     0     0 57133.0000    0   23 57403.0000 57133.0000  0.47%     -    3s
     0     2 57133.0000    0   21 57403.0000 57133.0000  0.47%     -    4s
   150   150 57133.0000   20   25 57403.0000 57133.0000  0.47%  11.6    5s
H  154   155                    57325.000000 57133.0000  0.33%  11.4    5s
H  157   158                    57319.000000 57133.0000  0.32%  11.2    6s
  4660  4090 57318.0000  236   23 57319.0000 57133.0000  0.32%   7.2   11s
H 4662  3886                    57289.000000 57133.0000  0.27%   7.2   13s
  4666  3889 57133.0000  236   29 57289.0000 57133.0000  0.27%   7.2   15s
H 4666  3694                    57275.000000 57133.0000  0.25%   7.2   15s
  4682  3708 57133.0000   13   18 57275.0000 57133.0000  0.25%  15.0   21s
H 4712  3557                    57221.000000 57133.0000  0.15%  15.1   24s
H 4718  3378                    57203.000000 57133.0000  0.12%  15.1   24s
  4832  3447 57133.0000   21   19 57203.0000 57133.0000  0.12%  15.2   25s
  6220  4324 57133.0000   61   19 57203.0000 57133.0000  0.12%  14.9   30s
H 8309  5398                    57197.000000 57133.0000  0.11%  13.5   34s
H 8314  5069                    57185.000000 57133.0000  0.09%  13.5   34s
  8323  5071 57133.0000  118   16 57185.0000 57133.0000  0.09%  13.5   35s
 15023  9096 57133.0000  338   27 57185.0000 57133.0000  0.09%  12.4   40s
 22751 14936 57133.0000  588   34 57185.0000 57133.0000  0.09%  11.2   46s
H22753 14685                    57179.000000 57133.0000  0.08%  11.2   46s
H22791 13741                    57173.000000 57133.0000  0.07%  11.2   46s
 27655 17661 57133.0000  778   25 57173.0000 57133.0000  0.07%  10.6   50s
H29444 18937                    57167.000000 57133.0000  0.06%  10.3   52s
H30224 19694                    57162.000000 57133.0000  0.05%  10.2   52s
 32042 21518 57133.0000  299   19 57162.0000 57133.0000  0.05%  10.1   55s
 41643 30406 57133.0000  909   32 57162.0000 57133.0000  0.05%   9.4   78s
 46860 35289 57133.0000 1285   32 57162.0000 57133.0000  0.05%   9.1   81s
H50900 38978                    57156.000000 57133.0000  0.04%   8.9   84s
 50908 38963 57133.0000 1565   29 57156.0000 57133.0000  0.04%   8.9   85s
 62916 50091 57133.0000  354   30 57156.0000 57133.0000  0.04%   8.6   90s
 73940 59493 57133.0000  150   22 57156.0000 57133.0000  0.04%   8.5   95s
 83920 68796 57133.0000  754   31 57156.0000 57133.0000  0.04%   8.3  101s
 85900 70632 57133.0000  883   33 57156.0000 57133.0000  0.04%   8.3  105s
 96692 80603 57133.0000 1582   26 57156.0000 57133.0000  0.04%   8.0  110s
 107930 90260 57133.0000  380   27 57156.0000 57133.0000  0.04%   7.8  115s
 119642 99848 57133.0000 1196   30 57156.0000 57133.0000  0.04%   7.7  120s
 130184 108927 57133.0000 2037   26 57156.0000 57133.0000  0.04%   7.7  125s
H132171 106422                    57150.000000 57133.0000  0.03%   7.7  128s
 133663 107696 57133.0000  345   18 57150.0000 57133.0000  0.03%   7.7  130s
H143225 106421                    57139.000000 57133.0000  0.01%   7.6  134s
 143634 106729 57133.0000  909   26 57139.0000 57133.0000  0.01%   7.6  135s
H143892   122                    57133.000000 57133.0000  0.00%   7.6  135s

Cutting planes:
  Cover: 1
  MIR: 1
  StrongCG: 3
  Flow cover: 11

Explored 146047 nodes (1112689 simplex iterations) in 136.00 seconds
Thread count was 16 (of 16 available processors)

Solution count 10: 57133 57139 57150 ... 57197

Optimal solution found (tolerance 1.00e-04)
Best objective 5.713300000000e+04, best bound 5.713300000000e+04, gap 0.0000%

Compute Server communication statistics:
  Sent: 0.0 MBytes in 33 msgs and 0.00s (0.00 MB/s)
  Received: 0.1 MBytes in 232 msgs and 0.00s (0.00 MB/s)


Gurobi 8.0.1 (win64, Python) logging started 11/18/20 15:36:08

Compute Server job ID: e49477d8-4638-424f-9c69-2f98312f02f7
Capacity available on '10.202.116.175:80' - connecting...
Established HTTP unencrypted connection
Optimize a model with 310 rows, 5820 columns and 17280 nonzeros
Variable types: 120 continuous, 5700 integer (5700 binary)
Coefficient statistics:
  Matrix range     [1e+00, 9e+01]
  Objective range  [1e+00, 1e+02]
  Bounds range     [1e+00, 1e+00]
  RHS range        [1e+00, 6e+02]
Found heuristic solution: objective 326952.00000
Presolve removed 60 rows and 60 columns
Presolve time: 0.15s
Presolved: 250 rows, 5760 columns, 17160 nonzeros
Variable types: 0 continuous, 5760 integer (5700 binary)

Root relaxation: objective 5.713300e+04, 968 iterations, 0.15 seconds

    Nodes    |    Current Node    |     Objective Bounds      |     Work
 Expl Unexpl |  Obj  Depth IntInf | Incumbent    BestBd   Gap | It/Node Time

     0     0 57133.0000    0   14 326952.000 57133.0000  82.5%     -    0s
H    0     0                    57752.000000 57133.0000  1.07%     -    0s
H    0     0                    57710.000000 57133.0000  1.00%     -    0s
H    0     0                    57403.000000 57133.0000  0.47%     -    2s
     0     0 57133.0000    0   44 57403.0000 57133.0000  0.47%     -    2s
     0     0 57133.0000    0   40 57403.0000 57133.0000  0.47%     -    2s
     0     0 57133.0000    0   21 57403.0000 57133.0000  0.47%     -    2s
     0     0 57133.0000    0   31 57403.0000 57133.0000  0.47%     -    3s
     0     0 57133.0000    0   23 57403.0000 57133.0000  0.47%     -    3s
     0     0 57133.0000    0   23 57403.0000 57133.0000  0.47%     -    3s
     0     2 57133.0000    0   21 57403.0000 57133.0000  0.47%     -    4s
   150   150 57133.0000   20   25 57403.0000 57133.0000  0.47%  11.6    5s
H  154   155                    57325.000000 57133.0000  0.33%  11.4    5s
H  157   158                    57319.000000 57133.0000  0.32%  11.2    5s
  4660  4090 57318.0000  236   23 57319.0000 57133.0000  0.32%   7.2   10s
H 4662  3886                    57289.000000 57133.0000  0.27%   7.2   13s
H 4666  3694                    57275.000000 57133.0000  0.25%   7.2   15s
  4682  3708 57133.0000   13   18 57275.0000 57133.0000  0.25%  15.0   20s
H 4712  3557                    57221.000000 57133.0000  0.15%  15.1   23s
H 4718  3378                    57203.000000 57133.0000  0.12%  15.1   23s
  5077  3615 57133.0000   27   20 57203.0000 57133.0000  0.12%  15.6   28s
  6591  4587 57133.0000   72   15 57203.0000 57133.0000  0.12%  14.6   30s
H 8309  5398                    57197.000000 57133.0000  0.11%  13.5   34s
H 8314  5069                    57185.000000 57133.0000  0.09%  13.5   34s
  9159  5586 57133.0000  145   18 57185.0000 57133.0000  0.09%  13.1   35s
 15023  9096 57133.0000  338   27 57185.0000 57133.0000  0.09%  12.4   40s
 22751 14936 57133.0000  588   34 57185.0000 57133.0000  0.09%  11.2   46s
H22753 14685                    57179.000000 57133.0000  0.08%  11.2   46s
H22791 13741                    57173.000000 57133.0000  0.07%  11.2   46s
 27655 17661 57133.0000  778   25 57173.0000 57133.0000  0.07%  10.6   50s
H29444 18937                    57167.000000 57133.0000  0.06%  10.3   52s
H30224 19694                    57162.000000 57133.0000  0.05%  10.2   52s
 33444 22876 57133.0000  392   20 57162.0000 57133.0000  0.05%   9.9   55s
 41643 30406 57133.0000  909   32 57162.0000 57133.0000  0.05%   9.4   77s
 46860 35289 57133.0000 1285   32 57162.0000 57133.0000  0.05%   9.1   80s
H50900 38978                    57156.000000 57133.0000  0.04%   8.9   83s
 53667 41583 57133.0000 1749   25 57156.0000 57133.0000  0.04%   8.8   85s
 64150 51199 57133.0000  421   29 57156.0000 57133.0000  0.04%   8.6   90s
 73940 59493 57133.0000  150   22 57156.0000 57133.0000  0.04%   8.5   95s
 83920 68796 57133.0000  754   31 57156.0000 57133.0000  0.04%   8.3  100s
 87923 72567 57133.0000 1004   24 57156.0000 57133.0000  0.04%   8.2  105s
 99364 82925 57133.0000 1770   33 57156.0000 57133.0000  0.04%   8.0  110s
 107930 90260 57133.0000  380   27 57156.0000 57133.0000  0.04%   7.8  115s
 121895 101854 57133.0000 1387   27 57156.0000 57133.0000  0.04%   7.8  120s
 130184 108927 57133.0000 2037   26 57156.0000 57133.0000  0.04%   7.7  125s
H132171 106422                    57150.000000 57133.0000  0.03%   7.7  128s
 133663 107696 57133.0000  345   18 57150.0000 57133.0000  0.03%   7.7  130s
H143225 106421                    57139.000000 57133.0000  0.01%   7.6  134s
H143892   122                    57133.000000 57133.0000  0.00%   7.6  135s

Cutting planes:
  Cover: 1
  MIR: 1
  StrongCG: 3
  Flow cover: 11

Explored 146047 nodes (1112689 simplex iterations) in 135.60 seconds
Thread count was 16 (of 16 available processors)

Solution count 10: 57133 57139 57150 ... 57197

Optimal solution found (tolerance 1.00e-04)
Best objective 5.713300000000e+04, best bound 5.713300000000e+04, gap 0.0000%

Compute Server communication statistics:
  Sent: 0.0 MBytes in 33 msgs and 0.00s (0.00 MB/s)
  Received: 0.1 MBytes in 234 msgs and 0.00s (0.00 MB/s)


Gurobi 8.0.1 (win64, Python) logging started 11/18/20 15:42:45

Compute Server job ID: 660263d4-7b1c-4865-adb1-1199567ccc33
Capacity available on '10.202.116.175:80' - connecting...
Established HTTP unencrypted connection
Optimize a model with 310 rows, 5820 columns and 17280 nonzeros
Variable types: 120 continuous, 5700 integer (5700 binary)
Coefficient statistics:
  Matrix range     [1e+00, 9e+01]
  Objective range  [1e+00, 1e+02]
  Bounds range     [1e+00, 1e+00]
  RHS range        [1e+00, 6e+02]
Found heuristic solution: objective 326952.00000
Presolve removed 60 rows and 60 columns
Presolve time: 0.14s
Presolved: 250 rows, 5760 columns, 17160 nonzeros
Variable types: 0 continuous, 5760 integer (5700 binary)

Root relaxation: objective 5.713300e+04, 968 iterations, 0.15 seconds

    Nodes    |    Current Node    |     Objective Bounds      |     Work
 Expl Unexpl |  Obj  Depth IntInf | Incumbent    BestBd   Gap | It/Node Time

     0     0 57133.0000    0   14 326952.000 57133.0000  82.5%     -    0s
H    0     0                    57752.000000 57133.0000  1.07%     -    0s
H    0     0                    57710.000000 57133.0000  1.00%     -    0s
H    0     0                    57403.000000 57133.0000  0.47%     -    2s
     0     0 57133.0000    0   44 57403.0000 57133.0000  0.47%     -    2s
     0     0 57133.0000    0   40 57403.0000 57133.0000  0.47%     -    2s
     0     0 57133.0000    0   21 57403.0000 57133.0000  0.47%     -    2s
     0     0 57133.0000    0   31 57403.0000 57133.0000  0.47%     -    2s
     0     0 57133.0000    0   23 57403.0000 57133.0000  0.47%     -    3s
     0     0 57133.0000    0   23 57403.0000 57133.0000  0.47%     -    3s
     0     2 57133.0000    0   21 57403.0000 57133.0000  0.47%     -    4s
   150   150 57133.0000   20   25 57403.0000 57133.0000  0.47%  11.6    6s
H  154   155                    57325.000000 57133.0000  0.33%  11.4    6s
H  157   158                    57319.000000 57133.0000  0.32%  11.2    6s
  4323  3784 57133.0000   28   32 57319.0000 57133.0000  0.32%   7.4   10s
H 4662  3886                    57289.000000 57133.0000  0.27%   7.2   13s
  4666  3889 57133.0000  236   29 57289.0000 57133.0000  0.27%   7.2   15s
H 4666  3694                    57275.000000 57133.0000  0.25%   7.2   15s
  4682  3708 57133.0000   13   18 57275.0000 57133.0000  0.25%  15.0   20s
H 4712  3557                    57221.000000 57133.0000  0.15%  15.1   23s
H 4718  3378                    57203.000000 57133.0000  0.12%  15.1   23s
  4900  3482 57133.0000   22   19 57203.0000 57133.0000  0.12%  15.2   25s
  6220  4324 57133.0000   61   19 57203.0000 57133.0000  0.12%  14.9   30s
H 8309  5398                    57197.000000 57133.0000  0.11%  13.5   34s
H 8314  5069                    57185.000000 57133.0000  0.09%  13.5   34s
  8323  5071 57133.0000  118   16 57185.0000 57133.0000  0.09%  13.5   35s
 15023  9096 57133.0000  338   27 57185.0000 57133.0000  0.09%  12.4   40s
 21224 13817 57133.0000  543   37 57185.0000 57133.0000  0.09%  11.5   45s
H22753 14685                    57179.000000 57133.0000  0.08%  11.2   47s
H22791 13741                    57173.000000 57133.0000  0.07%  11.2   47s
 25553 15896 57133.0000  694   35 57173.0000 57133.0000  0.07%  10.8   50s
H29444 18937                    57167.000000 57133.0000  0.06%  10.3   53s
H30224 19694                    57162.000000 57133.0000  0.05%  10.2   53s
 32042 21518 57133.0000  299   19 57162.0000 57133.0000  0.05%  10.1   55s
 41643 30406 57133.0000  909   32 57162.0000 57133.0000  0.05%   9.4   79s
 44045 32624 57133.0000 1073   31 57162.0000 57133.0000  0.05%   9.2   80s
 50891 39000 57133.0000 1564   30 57162.0000 57133.0000  0.05%   8.9   86s
H50900 38978                    57156.000000 57133.0000  0.04%   8.9   86s
 60953 48344 57133.0000  240   20 57156.0000 57133.0000  0.04%   8.6   90s
 71113 57092 57133.0000  849   39 57156.0000 57133.0000  0.04%   8.5   96s
 79321 64476 57133.0000  483   23 57156.0000 57133.0000  0.04%   8.3  100s
 85884 70619 57133.0000  882   26 57156.0000 57133.0000  0.04%   8.3  106s
 92571 76947 57133.0000 1295   31 57156.0000 57133.0000  0.04%   8.1  110s
 103140 86190     cutoff 1983      57156.0000 57133.0000  0.04%   7.9  115s
 112251 93655 57133.0000  642   27 57156.0000 57133.0000  0.04%   7.8  120s
 121895 101854 57133.0000 1387   27 57156.0000 57133.0000  0.04%   7.8  125s
 130184 108927 57133.0000 2037   26 57156.0000 57133.0000  0.04%   7.7  130s
H132171 106422                    57150.000000 57133.0000  0.03%   7.7  134s
 133663 107696 57133.0000  345   18 57150.0000 57133.0000  0.03%   7.7  136s
 142545 115637 57133.0000  842   27 57150.0000 57133.0000  0.03%   7.6  140s
H143225 106421                    57139.000000 57133.0000  0.01%   7.6  140s
H143892   122                    57133.000000 57133.0000  0.00%   7.6  141s

Cutting planes:
  Cover: 1
  MIR: 1
  StrongCG: 3
  Flow cover: 11

Explored 146047 nodes (1112689 simplex iterations) in 141.71 seconds
Thread count was 16 (of 16 available processors)

Solution count 10: 57133 57139 57150 ... 57197

Optimal solution found (tolerance 1.00e-04)
Best objective 5.713300000000e+04, best bound 5.713300000000e+04, gap 0.0000%

Compute Server communication statistics:
  Sent: 0.0 MBytes in 33 msgs and 0.00s (0.00 MB/s)
  Received: 0.1 MBytes in 245 msgs and 0.00s (0.00 MB/s)


Gurobi 8.0.1 (win64, Python) logging started 11/18/20 15:49:35

Compute Server job ID: 513f69cf-6090-48d0-a011-4198b2f693d0
Capacity available on '10.202.116.175:80' - connecting...
Established HTTP unencrypted connection
Optimize a model with 310 rows, 5820 columns and 17280 nonzeros
Variable types: 0 continuous, 5820 integer (5700 binary)
Coefficient statistics:
  Matrix range     [1e+00, 9e+01]
  Objective range  [1e+00, 1e+02]
  Bounds range     [1e+00, 1e+00]
  RHS range        [1e+00, 6e+02]
Found heuristic solution: objective 326952.00000
Presolve removed 60 rows and 60 columns
Presolve time: 0.15s
Presolved: 250 rows, 5760 columns, 17160 nonzeros
Variable types: 0 continuous, 5760 integer (5700 binary)

Root relaxation: objective 5.713300e+04, 968 iterations, 0.15 seconds

    Nodes    |    Current Node    |     Objective Bounds      |     Work
 Expl Unexpl |  Obj  Depth IntInf | Incumbent    BestBd   Gap | It/Node Time

     0     0 57133.0000    0   14 326952.000 57133.0000  82.5%     -    0s
H    0     0                    57752.000000 57133.0000  1.07%     -    0s
H    0     0                    57710.000000 57133.0000  1.00%     -    0s
H    0     0                    57403.000000 57133.0000  0.47%     -    2s
     0     0 57133.0000    0   32 57403.0000 57133.0000  0.47%     -    2s
     0     0 57133.0000    0   33 57403.0000 57133.0000  0.47%     -    2s
     0     0 57133.0000    0   22 57403.0000 57133.0000  0.47%     -    2s
     0     0 57133.0000    0   31 57403.0000 57133.0000  0.47%     -    2s
     0     0 57133.0000    0   15 57403.0000 57133.0000  0.47%     -    3s
     0     0 57133.0000    0   19 57403.0000 57133.0000  0.47%     -    3s
     0     0 57133.0000    0   14 57403.0000 57133.0000  0.47%     -    3s
     0     0 57133.0000    0   12 57403.0000 57133.0000  0.47%     -    4s
     0     2 57133.0000    0   11 57403.0000 57133.0000  0.47%     -    4s
    72    72 57133.0000    8   29 57403.0000 57133.0000  0.47%  22.9    6s
H   93    91                    57304.000000 57133.0000  0.30%  19.0    6s
H  129   122                    57301.000000 57133.0000  0.29%  15.0    6s
H 2451  1566                    57277.000000 57133.0000  0.25%   8.0    9s
H 2457  1516                    57244.000000 57133.0000  0.19%   8.0    9s
H 2460  1200                    57199.000000 57133.0000  0.12%   8.0    9s
  2799  1509 57164.8966  138   12 57199.0000 57133.0000  0.12%   7.8   10s
H 2800  1434                    57187.000000 57133.0000  0.09%   7.8   12s
  2806  1438 57164.8966   81   18 57187.0000 57133.0000  0.09%   7.8   15s
  2823  1452 57133.0000   13   12 57187.0000 57133.0000  0.09%  19.6   20s
H 2856  1412                    57181.000000 57133.0000  0.08%  19.5   24s
H 2857  1343                    57151.000000 57133.0000  0.03%  19.5   24s
  3083  1485 57133.0000   22   19 57151.0000 57133.0000  0.03%  18.5   25s
  5363  2899 57133.0000   90    8 57151.0000 57133.0000  0.03%  14.7   30s
  8547  5268 57133.0000  167   13 57151.0000 57133.0000  0.03%  13.8   35s
 14069  9789     cutoff  317      57151.0000 57133.0000  0.03%  12.6   40s
 15389 10835 57133.0000  355   19 57151.0000 57133.0000  0.03%  12.3   45s
H15396  9438                    57139.000000 57133.0000  0.01%  12.3   45s
H15406   106                    57133.000000 57133.0000  0.00%  12.3   46s

Cutting planes:
  Gomory: 1
  MIR: 2
  Flow cover: 7

Explored 15440 nodes (205104 simplex iterations) in 46.13 seconds
Thread count was 16 (of 16 available processors)

Solution count 10: 57133 57139 57151 ... 57304

Optimal solution found (tolerance 1.00e-04)
Best objective 5.713300000000e+04, best bound 5.713300000000e+04, gap 0.0000%

Compute Server communication statistics:
  Sent: 0.0 MBytes in 33 msgs and 0.00s (0.00 MB/s)
  Received: 0.1 MBytes in 131 msgs and 0.00s (0.00 MB/s)


Gurobi 8.0.1 (win64, Python) logging started 11/18/20 16:02:29

Compute Server job ID: 5c8b06cb-2874-4adf-b355-ba361e798da9
Capacity available on '10.202.116.175:80' - connecting...
Established HTTP unencrypted connection
Optimize a model with 310 rows, 5820 columns and 17280 nonzeros
Variable types: 0 continuous, 5820 integer (5700 binary)
Coefficient statistics:
  Matrix range     [1e+00, 9e+01]
  Objective range  [1e+00, 1e+02]
  Bounds range     [1e+00, 1e+00]
  RHS range        [1e+00, 6e+02]
Found heuristic solution: objective 326952.00000
Presolve removed 60 rows and 60 columns
Presolve time: 0.11s
Presolved: 250 rows, 5760 columns, 17160 nonzeros
Variable types: 0 continuous, 5760 integer (5700 binary)

Root relaxation: objective 5.713300e+04, 968 iterations, 0.09 seconds

    Nodes    |    Current Node    |     Objective Bounds      |     Work
 Expl Unexpl |  Obj  Depth IntInf | Incumbent    BestBd   Gap | It/Node Time

     0     0 57133.0000    0   14 326952.000 57133.0000  82.5%     -    0s
H    0     0                    57752.000000 57133.0000  1.07%     -    0s
H    0     0                    57710.000000 57133.0000  1.00%     -    0s
H    0     0                    57403.000000 57133.0000  0.47%     -    1s
     0     0 57133.0000    0   32 57403.0000 57133.0000  0.47%     -    1s
     0     0 57133.0000    0   33 57403.0000 57133.0000  0.47%     -    1s
     0     0 57133.0000    0   22 57403.0000 57133.0000  0.47%     -    1s
     0     0 57133.0000    0   31 57403.0000 57133.0000  0.47%     -    1s
     0     0 57133.0000    0   15 57403.0000 57133.0000  0.47%     -    1s
     0     0 57133.0000    0   19 57403.0000 57133.0000  0.47%     -    1s
     0     0 57133.0000    0   14 57403.0000 57133.0000  0.47%     -    1s
     0     0 57133.0000    0   12 57403.0000 57133.0000  0.47%     -    2s
     0     2 57133.0000    0   11 57403.0000 57133.0000  0.47%     -    2s
H   93    91                    57304.000000 57133.0000  0.30%  19.0    3s
H  129   122                    57301.000000 57133.0000  0.29%  15.0    3s
  1917  1797 57240.8966  233   16 57301.0000 57133.0000  0.29%   8.4    5s
H 2451  1566                    57277.000000 57133.0000  0.25%   8.0    5s
H 2457  1516                    57244.000000 57133.0000  0.19%   8.0    5s
H 2460  1200                    57199.000000 57133.0000  0.12%   8.0    5s
H 2800  1434                    57187.000000 57133.0000  0.09%   7.8    7s
  2812  1442 57182.8966  102    7 57187.0000 57133.0000  0.09%   7.8   10s
H 2856  1412                    57181.000000 57133.0000  0.08%  19.5   14s
H 2857  1343                    57151.000000 57133.0000  0.03%  19.5   14s
  3328  1632 57133.0000   28   14 57151.0000 57133.0000  0.03%  17.6   15s
  8547  5268 57133.0000  167   13 57151.0000 57133.0000  0.03%  13.8   20s
 15389 10835 57133.0000  355   19 57151.0000 57133.0000  0.03%  12.3   25s
H15396  9438                    57139.000000 57133.0000  0.01%  12.3   25s
H15406   106                    57133.000000 57133.0000  0.00%  12.3   26s

Cutting planes:
  Gomory: 1
  MIR: 2
  Flow cover: 7

Explored 15440 nodes (205104 simplex iterations) in 26.58 seconds
Thread count was 16 (of 16 available processors)

Solution count 10: 57133 57139 57151 ... 57304

Optimal solution found (tolerance 1.00e-04)
Best objective 5.713300000000e+04, best bound 5.713300000000e+04, gap 0.0000%

Compute Server communication statistics:
  Sent: 0.0 MBytes in 33 msgs and 0.00s (0.00 MB/s)
  Received: 0.1 MBytes in 98 msgs and 0.00s (0.00 MB/s)


Gurobi 8.0.1 (win64, Python) logging started 11/18/20 16:04:40

Compute Server job ID: 05a82808-9cde-4532-9949-db570b363309
Capacity available on '10.202.116.175:80' - connecting...
Established HTTP unencrypted connection
Optimize a model with 310 rows, 5820 columns and 17280 nonzeros
Variable types: 0 continuous, 5820 integer (5700 binary)
Coefficient statistics:
  Matrix range     [1e+00, 9e+01]
  Objective range  [1e+00, 1e+02]
  Bounds range     [1e+00, 1e+00]
  RHS range        [1e+00, 6e+02]
Found heuristic solution: objective 326952.00000
Presolve removed 60 rows and 60 columns
Presolve time: 0.10s
Presolved: 250 rows, 5760 columns, 17160 nonzeros
Variable types: 0 continuous, 5760 integer (5700 binary)

Root relaxation: objective 5.713300e+04, 968 iterations, 0.13 seconds

    Nodes    |    Current Node    |     Objective Bounds      |     Work
 Expl Unexpl |  Obj  Depth IntInf | Incumbent    BestBd   Gap | It/Node Time

     0     0 57133.0000    0   14 326952.000 57133.0000  82.5%     -    0s
H    0     0                    57752.000000 57133.0000  1.07%     -    0s
H    0     0                    57710.000000 57133.0000  1.00%     -    0s
H    0     0                    57403.000000 57133.0000  0.47%     -    1s
     0     0 57133.0000    0   32 57403.0000 57133.0000  0.47%     -    1s
     0     0 57133.0000    0   33 57403.0000 57133.0000  0.47%     -    1s
     0     0 57133.0000    0   22 57403.0000 57133.0000  0.47%     -    2s
     0     0 57133.0000    0   31 57403.0000 57133.0000  0.47%     -    2s
     0     0 57133.0000    0   15 57403.0000 57133.0000  0.47%     -    2s
     0     0 57133.0000    0   19 57403.0000 57133.0000  0.47%     -    2s
     0     0 57133.0000    0   14 57403.0000 57133.0000  0.47%     -    2s
     0     0 57133.0000    0   12 57403.0000 57133.0000  0.47%     -    2s
     0     2 57133.0000    0   11 57403.0000 57133.0000  0.47%     -    2s
H   93    91                    57304.000000 57133.0000  0.30%  19.0    4s
H  129   122                    57301.000000 57133.0000  0.29%  15.0    4s
   761   755 57164.8966   93   23 57301.0000 57133.0000  0.29%  11.8    5s
H 2451  1566                    57277.000000 57133.0000  0.25%   8.0    6s
H 2457  1516                    57244.000000 57133.0000  0.19%   8.0    6s
H 2460  1200                    57199.000000 57133.0000  0.12%   8.0    6s
H 2800  1434                    57187.000000 57133.0000  0.09%   7.8    8s
  2805  1437 57182.8966   95   25 57187.0000 57133.0000  0.09%   7.8   10s
H 2856  1412                    57181.000000 57133.0000  0.08%  19.5   14s
H 2857  1343                    57151.000000 57133.0000  0.03%  19.5   14s
  2949  1397 57133.0000   20   15 57151.0000 57133.0000  0.03%  19.0   15s
  8547  5268 57133.0000  167   13 57151.0000 57133.0000  0.03%  13.8   20s
 15389 10835 57133.0000  355   19 57151.0000 57133.0000  0.03%  12.3   26s
H15396  9438                    57139.000000 57133.0000  0.01%  12.3   26s
H15406   106                    57133.000000 57133.0000  0.00%  12.3   26s

Cutting planes:
  Gomory: 1
  MIR: 2
  Flow cover: 7

Explored 15440 nodes (205104 simplex iterations) in 26.87 seconds
Thread count was 16 (of 16 available processors)

Solution count 10: 57133 57139 57151 ... 57304

Optimal solution found (tolerance 1.00e-04)
Best objective 5.713300000000e+04, best bound 5.713300000000e+04, gap 0.0000%

Compute Server communication statistics:
  Sent: 0.0 MBytes in 33 msgs and 0.00s (0.00 MB/s)
  Received: 0.1 MBytes in 102 msgs and 0.00s (0.00 MB/s)


Gurobi 8.0.1 (win64, Python) logging started 11/18/20 16:08:23

Compute Server job ID: 72e5880e-8dda-468d-b9be-3482b1cb325d
Capacity available on '10.202.116.175:80' - connecting...
Established HTTP unencrypted connection
Optimize a model with 310 rows, 5820 columns and 17280 nonzeros
Variable types: 0 continuous, 5820 integer (5700 binary)
Coefficient statistics:
  Matrix range     [1e+00, 9e+01]
  Objective range  [1e+00, 1e+02]
  Bounds range     [1e+00, 1e+00]
  RHS range        [1e+00, 6e+02]
Found heuristic solution: objective 326952.00000
Presolve removed 60 rows and 60 columns
Presolve time: 0.11s
Presolved: 250 rows, 5760 columns, 17160 nonzeros
Variable types: 0 continuous, 5760 integer (5700 binary)

Root relaxation: objective 5.713300e+04, 968 iterations, 0.14 seconds

    Nodes    |    Current Node    |     Objective Bounds      |     Work
 Expl Unexpl |  Obj  Depth IntInf | Incumbent    BestBd   Gap | It/Node Time

     0     0 57133.0000    0   14 326952.000 57133.0000  82.5%     -    0s
H    0     0                    57752.000000 57133.0000  1.07%     -    0s
H    0     0                    57710.000000 57133.0000  1.00%     -    0s
H    0     0                    57403.000000 57133.0000  0.47%     -    1s
     0     0 57133.0000    0   32 57403.0000 57133.0000  0.47%     -    1s
     0     0 57133.0000    0   33 57403.0000 57133.0000  0.47%     -    1s
     0     0 57133.0000    0   22 57403.0000 57133.0000  0.47%     -    1s
     0     0 57133.0000    0   31 57403.0000 57133.0000  0.47%     -    2s
     0     0 57133.0000    0   15 57403.0000 57133.0000  0.47%     -    2s
     0     0 57133.0000    0   19 57403.0000 57133.0000  0.47%     -    2s
     0     0 57133.0000    0   14 57403.0000 57133.0000  0.47%     -    2s
     0     0 57133.0000    0   12 57403.0000 57133.0000  0.47%     -    2s
     0     2 57133.0000    0   11 57403.0000 57133.0000  0.47%     -    2s
H   93    91                    57304.000000 57133.0000  0.30%  19.0    4s
H  129   122                    57301.000000 57133.0000  0.29%  15.0    4s
   761   755 57164.8966   93   23 57301.0000 57133.0000  0.29%  11.8    5s
H 2451  1566                    57277.000000 57133.0000  0.25%   8.0    6s
H 2457  1516                    57244.000000 57133.0000  0.19%   8.0    6s
H 2460  1200                    57199.000000 57133.0000  0.12%   8.0    6s
H 2800  1434                    57187.000000 57133.0000  0.09%   7.8    8s
  2804  1436 57182.8966   68   14 57187.0000 57133.0000  0.09%   7.8   10s
  2853  1486 57133.0000   17   17 57187.0000 57133.0000  0.09%  19.5   16s
H 2856  1412                    57181.000000 57133.0000  0.08%  19.5   16s
H 2857  1343                    57151.000000 57133.0000  0.03%  19.5   16s
  5363  2899 57133.0000   90    8 57151.0000 57133.0000  0.03%  14.7   20s
  9443  6016 57133.0000  194   20 57151.0000 57133.0000  0.03%  13.6   25s
 15389 10835 57133.0000  355   19 57151.0000 57133.0000  0.03%  12.3   31s
H15396  9438                    57139.000000 57133.0000  0.01%  12.3   31s
H15406   106                    57133.000000 57133.0000  0.00%  12.3   32s

Cutting planes:
  Gomory: 1
  MIR: 2
  Flow cover: 7

Explored 15440 nodes (205104 simplex iterations) in 32.40 seconds
Thread count was 16 (of 16 available processors)

Solution count 10: 57133 57139 57151 ... 57304

Optimal solution found (tolerance 1.00e-04)
Best objective 5.713300000000e+04, best bound 5.713300000000e+04, gap 0.0000%

Compute Server communication statistics:
  Sent: 0.0 MBytes in 33 msgs and 0.00s (0.00 MB/s)
  Received: 0.1 MBytes in 107 msgs and 0.00s (0.00 MB/s)


Gurobi 8.0.1 (win64, Python) logging started 11/18/20 16:16:39

Compute Server job ID: 875ab6de-37ad-401e-84bb-b962ff80db78
Capacity available on '10.202.116.175:80' - connecting...
Established HTTP unencrypted connection
Optimize a model with 310 rows, 5820 columns and 17280 nonzeros
Variable types: 0 continuous, 5820 integer (5700 binary)
Coefficient statistics:
  Matrix range     [1e+00, 9e+01]
  Objective range  [1e+00, 1e+02]
  Bounds range     [1e+00, 1e+00]
  RHS range        [1e+00, 6e+02]
Found heuristic solution: objective 326952.00000
Presolve removed 60 rows and 60 columns
Presolve time: 0.11s
Presolved: 250 rows, 5760 columns, 17160 nonzeros
Variable types: 0 continuous, 5760 integer (5700 binary)

Root relaxation: objective 5.713300e+04, 968 iterations, 0.12 seconds

    Nodes    |    Current Node    |     Objective Bounds      |     Work
 Expl Unexpl |  Obj  Depth IntInf | Incumbent    BestBd   Gap | It/Node Time

     0     0 57133.0000    0   14 326952.000 57133.0000  82.5%     -    0s
H    0     0                    57752.000000 57133.0000  1.07%     -    0s
H    0     0                    57710.000000 57133.0000  1.00%     -    0s
H    0     0                    57403.000000 57133.0000  0.47%     -    1s
     0     0 57133.0000    0   32 57403.0000 57133.0000  0.47%     -    1s
     0     0 57133.0000    0   33 57403.0000 57133.0000  0.47%     -    2s
     0     0 57133.0000    0   22 57403.0000 57133.0000  0.47%     -    2s
     0     0 57133.0000    0   31 57403.0000 57133.0000  0.47%     -    2s
     0     0 57133.0000    0   15 57403.0000 57133.0000  0.47%     -    2s
     0     0 57133.0000    0   19 57403.0000 57133.0000  0.47%     -    2s
     0     0 57133.0000    0   14 57403.0000 57133.0000  0.47%     -    2s
     0     0 57133.0000    0   12 57403.0000 57133.0000  0.47%     -    2s
     0     2 57133.0000    0   11 57403.0000 57133.0000  0.47%     -    3s
H   93    91                    57304.000000 57133.0000  0.30%  19.0    4s
H  129   122                    57301.000000 57133.0000  0.29%  15.0    4s
   130   131 57133.0000   18   26 57301.0000 57133.0000  0.29%  14.9    5s
H 2451  1566                    57277.000000 57133.0000  0.25%   8.0    6s
H 2457  1516                    57244.000000 57133.0000  0.19%   8.0    6s
H 2460  1200                    57199.000000 57133.0000  0.12%   8.0    6s
H 2800  1434                    57187.000000 57133.0000  0.09%   7.8    9s
  2802  1435 57133.0000   36   11 57187.0000 57133.0000  0.09%   7.8   10s
  2820  1447 57133.0000   44   13 57187.0000 57133.0000  0.09%   7.8   15s
H 2856  1412                    57181.000000 57133.0000  0.08%  19.5   18s
H 2857  1343                    57151.000000 57133.0000  0.03%  19.5   18s
  3328  1632 57133.0000   28   14 57151.0000 57133.0000  0.03%  17.6   20s
  6752  3714 57133.0000  126   19 57151.0000 57133.0000  0.03%  14.2   25s
 10550  6931 57133.0000  221   15 57151.0000 57133.0000  0.03%  13.2   30s
 15389 10835 57133.0000  355   19 57151.0000 57133.0000  0.03%  12.3   36s
H15396  9438                    57139.000000 57133.0000  0.01%  12.3   36s
H15406   106                    57133.000000 57133.0000  0.00%  12.3   37s

Cutting planes:
  Gomory: 1
  MIR: 2
  Flow cover: 7

Explored 15440 nodes (205104 simplex iterations) in 37.76 seconds
Thread count was 16 (of 16 available processors)

Solution count 10: 57133 57139 57151 ... 57304

Optimal solution found (tolerance 1.00e-04)
Best objective 5.713300000000e+04, best bound 5.713300000000e+04, gap 0.0000%

Compute Server communication statistics:
  Sent: 0.0 MBytes in 33 msgs and 0.00s (0.00 MB/s)
  Received: 0.1 MBytes in 116 msgs and 0.00s (0.00 MB/s)


Gurobi 8.0.1 (win64, Python) logging started 11/18/20 16:18:25

Compute Server job ID: 774418c3-4733-4d33-b2f8-589176aedc45
Capacity available on '10.202.116.175:80' - connecting...
Established HTTP unencrypted connection
Optimize a model with 310 rows, 5820 columns and 17280 nonzeros
Variable types: 0 continuous, 5820 integer (5700 binary)
Coefficient statistics:
  Matrix range     [1e+00, 1e+02]
  Objective range  [1e+00, 1e+02]
  Bounds range     [1e+00, 1e+00]
  RHS range        [1e+00, 6e+02]
Found heuristic solution: objective 326952.00000
Presolve removed 60 rows and 60 columns
Presolve time: 0.09s
Presolved: 250 rows, 5760 columns, 17160 nonzeros
Variable types: 0 continuous, 5760 integer (5700 binary)

Root relaxation: objective 4.771700e+04, 810 iterations, 0.09 seconds

    Nodes    |    Current Node    |     Objective Bounds      |     Work
 Expl Unexpl |  Obj  Depth IntInf | Incumbent    BestBd   Gap | It/Node Time

     0     0 47717.0000    0    8 326952.000 47717.0000  85.4%     -    0s
H    0     0                    48830.000000 47717.0000  2.28%     -    0s
H    0     0                    48473.000000 47717.0000  1.56%     -    0s
H    0     0                    47972.000000 47717.0000  0.53%     -    0s
H    0     0                    47717.000000 47717.0000  0.00%     -    1s

Explored 1 nodes (5371 simplex iterations) in 1.11 seconds
Thread count was 16 (of 16 available processors)

Solution count 5: 47717 47972 48473 ... 326952

Optimal solution found (tolerance 1.00e-04)
Best objective 4.771700000000e+04, best bound 4.771700000000e+04, gap 0.0000%

Compute Server communication statistics:
  Sent: 0.1 MBytes in 33 msgs and 0.00s (0.00 MB/s)
  Received: 0.0 MBytes in 33 msgs and 0.00s (0.00 MB/s)


Gurobi 8.0.1 (win64, Python) logging started 11/18/20 16:30:04

Compute Server job ID: 2e819418-4933-4783-a247-7287072e78c4
Capacity available on '10.202.116.175:80' - connecting...
Established HTTP unencrypted connection
Optimize a model with 310 rows, 5820 columns and 17280 nonzeros
Variable types: 0 continuous, 5820 integer (5700 binary)
Coefficient statistics:
  Matrix range     [1e+00, 1e+02]
  Objective range  [1e+00, 1e+02]
  Bounds range     [1e+00, 1e+00]
  RHS range        [1e+00, 6e+02]
Found heuristic solution: objective 326952.00000
Presolve time: 0.08s
Presolved: 310 rows, 5820 columns, 17280 nonzeros
Variable types: 0 continuous, 5820 integer (5700 binary)

Root relaxation: objective 4.771700e+04, 1672 iterations, 0.09 seconds

    Nodes    |    Current Node    |     Objective Bounds      |     Work
 Expl Unexpl |  Obj  Depth IntInf | Incumbent    BestBd   Gap | It/Node Time

     0     0 47717.0000    0    7 326952.000 47717.0000  85.4%     -    0s
H    0     0                    48754.000000 47717.0000  2.13%     -    0s
H    0     0                    48159.000000 47717.0000  0.92%     -    1s
H    0     0                    47751.000000 47717.0000  0.07%     -    1s
     0     0 47717.0000    0   27 47751.0000 47717.0000  0.07%     -    1s
     0     0 47717.0000    0   27 47751.0000 47717.0000  0.07%     -    1s
     0     0 47717.0000    0    8 47751.0000 47717.0000  0.07%     -    2s
     0     0 47717.0000    0    8 47751.0000 47717.0000  0.07%     -    2s
     0     2 47717.0000    0    8 47751.0000 47717.0000  0.07%     -    2s
*  184    35              17    47717.000000 47717.0000  0.00%   6.7    2s

Cutting planes:
  Cover: 1
  MIR: 13
  StrongCG: 1

Explored 285 nodes (9680 simplex iterations) in 2.85 seconds
Thread count was 16 (of 16 available processors)

Solution count 5: 47717 47751 48159 ... 326952

Optimal solution found (tolerance 1.00e-04)
Best objective 4.771700000000e+04, best bound 4.771700000000e+04, gap 0.0000%

Compute Server communication statistics:
  Sent: 0.1 MBytes in 33 msgs and 0.00s (0.00 MB/s)
  Received: 0.0 MBytes in 44 msgs and 0.00s (0.00 MB/s)


Gurobi 8.0.1 (win64, Python) logging started 11/18/20 16:31:36

Compute Server job ID: 4744d50f-4f21-4cf5-a755-4c4af2127eea
Capacity available on '10.202.116.175:80' - connecting...
Established HTTP unencrypted connection
Optimize a model with 310 rows, 5820 columns and 17280 nonzeros
Variable types: 0 continuous, 5820 integer (5700 binary)
Coefficient statistics:
  Matrix range     [1e+00, 1e+02]
  Objective range  [1e+00, 1e+02]
  Bounds range     [1e+00, 1e+00]
  RHS range        [1e+00, 6e+02]
Found heuristic solution: objective 326952.00000
Presolve removed 60 rows and 60 columns
Presolve time: 0.11s
Presolved: 250 rows, 5760 columns, 17160 nonzeros
Variable types: 0 continuous, 5760 integer (5700 binary)

Root relaxation: objective 4.771700e+04, 810 iterations, 0.10 seconds

    Nodes    |    Current Node    |     Objective Bounds      |     Work
 Expl Unexpl |  Obj  Depth IntInf | Incumbent    BestBd   Gap | It/Node Time

     0     0 47717.0000    0    8 326952.000 47717.0000  85.4%     -    0s
H    0     0                    48830.000000 47717.0000  2.28%     -    0s
H    0     0                    48473.000000 47717.0000  1.56%     -    0s
H    0     0                    47972.000000 47717.0000  0.53%     -    0s
H    0     0                    47717.000000 47717.0000  0.00%     -    0s

Explored 1 nodes (5371 simplex iterations) in 0.92 seconds
Thread count was 16 (of 16 available processors)

Solution count 5: 47717 47972 48473 ... 326952

Optimal solution found (tolerance 1.00e-04)
Best objective 4.771700000000e+04, best bound 4.771700000000e+04, gap 0.0000%

Compute Server communication statistics:
  Sent: 0.1 MBytes in 33 msgs and 0.00s (0.00 MB/s)
  Received: 0.0 MBytes in 32 msgs and 0.00s (0.00 MB/s)


Gurobi 8.0.1 (win64, Python) logging started 11/18/20 17:06:14

Compute Server job ID: 456b6037-b5ef-4f00-9303-be4caa08d864
Capacity available on '10.202.116.175:80' - connecting...
Established HTTP unencrypted connection
Optimize a model with 310 rows, 5820 columns and 17280 nonzeros
Variable types: 0 continuous, 5820 integer (5700 binary)
Coefficient statistics:
  Matrix range     [1e+00, 1e+02]
  Objective range  [1e+00, 1e+02]
  Bounds range     [1e+00, 1e+00]
  RHS range        [1e+00, 6e+02]
Found heuristic solution: objective 326952.00000
Presolve removed 60 rows and 60 columns
Presolve time: 0.11s
Presolved: 250 rows, 5760 columns, 17160 nonzeros
Variable types: 0 continuous, 5760 integer (5700 binary)

Root relaxation: objective 4.771700e+04, 810 iterations, 0.09 seconds

    Nodes    |    Current Node    |     Objective Bounds      |     Work
 Expl Unexpl |  Obj  Depth IntInf | Incumbent    BestBd   Gap | It/Node Time

     0     0 47717.0000    0    8 326952.000 47717.0000  85.4%     -    0s
H    0     0                    48830.000000 47717.0000  2.28%     -    0s
H    0     0                    48473.000000 47717.0000  1.56%     -    0s
H    0     0                    47972.000000 47717.0000  0.53%     -    0s
H    0     0                    47717.000000 47717.0000  0.00%     -    1s

Explored 1 nodes (5371 simplex iterations) in 1.11 seconds
Thread count was 16 (of 16 available processors)

Solution count 5: 47717 47972 48473 ... 326952

Optimal solution found (tolerance 1.00e-04)
Best objective 4.771700000000e+04, best bound 4.771700000000e+04, gap 0.0000%

Gurobi 8.0.1 (win64, Python) logging started 11/18/20 17:13:49

Compute Server job ID: 76a1044a-8c78-4cea-a1d1-9a73425f704f
Capacity available on '10.202.116.175:80' - connecting...
Established HTTP unencrypted connection
Optimize a model with 310 rows, 5820 columns and 17280 nonzeros
Variable types: 0 continuous, 5820 integer (5700 binary)
Coefficient statistics:
  Matrix range     [1e+00, 1e+02]
  Objective range  [1e+00, 1e+02]
  Bounds range     [1e+00, 1e+00]
  RHS range        [1e+00, 5e+02]
Found heuristic solution: objective 267102.00000
Presolve removed 60 rows and 60 columns
Presolve time: 0.13s
Presolved: 250 rows, 5760 columns, 17160 nonzeros
Variable types: 0 continuous, 5760 integer (5700 binary)

Root relaxation: objective 3.486084e+04, 821 iterations, 0.10 seconds

    Nodes    |    Current Node    |     Objective Bounds      |     Work
 Expl Unexpl |  Obj  Depth IntInf | Incumbent    BestBd   Gap | It/Node Time

     0     0 34860.8387    0   24 267102.000 34860.8387  86.9%     -    0s
H    0     0                    36861.000000 34860.8387  5.43%     -    0s
H    0     0                    36506.000000 34860.8387  4.51%     -    0s
H    0     0                    35428.000000 34860.8387  1.60%     -    0s
H    0     0                    35308.000000 34860.8387  1.27%     -    1s
H    0     0                    35304.000000 34860.8387  1.26%     -    1s
     0     0 34860.8387    0   62 35304.0000 34860.8387  1.26%     -    1s
     0     0 34860.8387    0   59 35304.0000 34860.8387  1.26%     -    1s
     0     0 34860.8387    0   20 35304.0000 34860.8387  1.26%     -    2s
     0     0 34860.8387    0   15 35304.0000 34860.8387  1.26%     -    3s
     0     0 34860.8387    0   25 35304.0000 34860.8387  1.26%     -    3s
     0     0 34860.8387    0   31 35304.0000 34860.8387  1.26%     -    3s
     0     0 34860.8387    0   23 35304.0000 34860.8387  1.26%     -    3s
     0     0 34860.8387    0   29 35304.0000 34860.8387  1.26%     -    3s
     0     0 34860.8387    0    5 35304.0000 34860.8387  1.26%     -    4s
H    0     0                    35229.000000 34860.8387  1.05%     -    4s
H    0     0                    35065.000000 34860.8387  0.58%     -    4s
     0     0 34860.8387    0   10 35065.0000 34860.8387  0.58%     -    4s
     0     0 34860.8387    0    8 35065.0000 34860.8387  0.58%     -    4s
     0     2 34860.8387    0    8 35065.0000 34860.8387  0.58%     -    5s
H   36    38                    35060.000000 34860.8387  0.57%  18.6    7s
H   74    67                    34888.000000 34860.8387  0.08%  61.2    8s
   348   351 34860.8387   31   12 34888.0000 34860.8387  0.08%  94.1   10s
  3713  2779 34884.7742  193   20 34888.0000 34860.8387  0.08%  40.7   15s
  3726  2788 34860.8387  138   11 34888.0000 34860.8387  0.08%  40.6   20s
  4114  3035 34860.8387   26   20 34888.0000 34860.8387  0.08%  45.9   25s
  8024  5596 34865.7778   70   16 34888.0000 34861.1176  0.08%  24.8   30s
 10783  7325 34861.5152  179   15 34888.0000 34861.5152  0.08%  19.8   35s
 13159  9167 34862.4000  335   14 34888.0000 34861.7222  0.08%  18.2   40s
 17660 13473 34876.0000  665   43 34888.0000 34861.7222  0.08%  17.4   45s
 21876 17417 34876.0000 1013   47 34888.0000 34861.7222  0.08%  17.6   50s
 26973 22114 34876.0000 1345   44 34888.0000 34861.7222  0.08%  18.4   56s
 31736 26210 34876.0000 1594   48 34888.0000 34861.7222  0.08%  18.9   61s
 37024 30784 34876.0000 1879   47 34888.0000 34861.7222  0.08%  18.5   66s
 42085 35195 34876.0000 2189   51 34888.0000 34861.7222  0.08%  18.2   82s
 46282 38933 34862.7667  386   31 34888.0000 34861.7222  0.08%  17.8   85s
 55241 47269 34876.0000  962   45 34888.0000 34861.7222  0.08%  17.1   90s
 63010 54592 34876.0000 1337   47 34888.0000 34861.7222  0.08%  16.8   95s
 71401 62285 34876.0000 1781   49 34888.0000 34861.7222  0.08%  16.6  101s
 79551 69889 34876.0000 2239   49 34888.0000 34861.7222  0.08%  16.4  105s
 87928 77898 34876.0000 2682   48 34888.0000 34861.7222  0.08%  15.9  110s
 98166 87685 34876.0000  559   42 34888.0000 34861.7222  0.08%  15.6  115s
 108400 97387 34876.0000 1051   46 34888.0000 34861.7222  0.08%  15.3  120s
 117209 105499 34876.0000 1516   48 34888.0000 34861.7222  0.08%  15.3  125s
 126809 114142 34876.0000 2002   48 34888.0000 34861.7222  0.08%  15.2  130s
 135872 122410 34876.0000 2521   47 34888.0000 34861.7222  0.08%  15.1  135s
 149579 135172 34878.3953  667   48 34888.0000 34861.7222  0.08%  14.8  141s
 158898 144265 34878.3953 1326   46 34888.0000 34861.7222  0.08%  14.6  145s
 168512 153640 34878.6129 2136   43 34888.0000 34861.7222  0.08%  14.6  150s
 178273 163073 34878.3953  732   52 34888.0000 34861.7222  0.08%  14.4  155s
 187548 172111 34878.3953 1386   51 34888.0000 34861.7222  0.08%  14.4  160s
 198725 182598 34876.0000  704   41 34888.0000 34861.7222  0.08%  14.2  165s
 210853 193928 34876.0000 1337   47 34888.0000 34861.7222  0.08%  14.2  170s
 220896 203253 34876.0000 1832   46 34888.0000 34861.7222  0.08%  14.1  175s
 230515 212423 34876.0000 2427   46 34888.0000 34861.7222  0.08%  14.0  180s
 242043 223112 34876.0000  802   40 34888.0000 34861.7222  0.08%  13.9  185s
 253170 233525 34876.0000 1433   44 34888.0000 34861.7222  0.08%  13.8  190s
 262332 242226 34876.0000 1974   46 34888.0000 34861.7222  0.08%  13.8  195s
 277069 255312 34876.5366  470   43 34888.0000 34861.7222  0.08%  13.6  201s
 287151 264496 34878.3953 1078   47 34888.0000 34861.7222  0.08%  13.6  205s
 296575 273418 34878.3953 1866   45 34888.0000 34861.7222  0.08%  13.5  210s
 306720 283236 34876.0000 1099   43 34888.0000 34861.7222  0.08%  13.5  215s
 317295 293054 34876.0000 1504   48 34888.0000 34861.7222  0.08%  13.3  220s
 327586 303127 34876.0000 2082   54 34888.0000 34861.7222  0.08%  13.2  225s
 340078 315287 34861.7222  204   32 34888.0000 34861.7222  0.08%  13.2  230s
 352481 327019 34876.0000  563   33 34888.0000 34861.7222  0.08%  13.1  235s
 361565 335626 34876.0000  714   33 34888.0000 34861.7222  0.08%  13.0  240s
 370726 344191 34876.0000  858   40 34888.0000 34861.7222  0.08%  13.0  245s
 383688 356301 34876.0000 1091   44 34888.0000 34861.7222  0.08%  12.9  250s
 393031 365017     cutoff 1270      34888.0000 34861.7222  0.08%  12.9  255s
 401967 373460 34876.0000 1200   49 34888.0000 34861.7222  0.08%  12.8  260s
 411438 382516 34876.0000 1673   52 34888.0000 34861.7222  0.08%  12.8  265s
 423918 394080 34876.0000 2291   50 34888.0000 34861.7222  0.08%  12.7  270s
 436741 406453 34863.1290  495   31 34888.0000 34861.7222  0.08%  12.7  275s
 448599 417916 34876.0000  973   42 34888.0000 34861.7222  0.08%  12.6  280s
 457701 426640 34876.0000 1361   46 34888.0000 34861.7222  0.08%  12.6  285s
 465307 433850 34876.0000 1736   46 34888.0000 34861.7222  0.08%  12.6  290s
 473333 441577 34876.0000 2182   52 34888.0000 34861.7222  0.08%  12.6  295s
 480926 448610 34876.0000  593   34 34888.0000 34861.7222  0.08%  12.6  300s
 492640 459551 34876.0000 1107   49 34888.0000 34861.7222  0.08%  12.5  306s
 503526 469908 34876.0000 1666   41 34888.0000 34861.7222  0.08%  12.5  310s
 513866 479576 34876.0000 2217   43 34888.0000 34861.7222  0.08%  12.4  315s
 525717 490872 34876.0000 3138   44 34888.0000 34861.7222  0.08%  12.4  320s
 536816 501514 34874.7576  701   41 34888.0000 34861.7222  0.08%  12.3  325s
 549728 513851 34876.0000 1145   40 34888.0000 34861.7222  0.08%  12.3  330s
 558984 522692 34876.0000 1500   48 34888.0000 34861.7222  0.08%  12.3  335s
 570187 533456 34876.0000 1897   43 34888.0000 34861.7222  0.08%  12.3  340s
 579846 542828 34876.0000 2419   45 34888.0000 34861.7222  0.08%  12.2  345s
 592397 554705 34876.0000  954   45 34888.0000 34861.7222  0.08%  12.2  350s
 601814 563043 34862.3667  493   40 34888.0000 34861.7222  0.08%  12.1  355s
 611020 571187     cutoff  361      34888.0000 34861.7222  0.08%  12.1  360s
 618795 578307 34884.1081  458   43 34888.0000 34861.7222  0.08%  12.1  365s
 628117 586767 34876.0000  903   45 34888.0000 34861.7222  0.08%  12.1  370s
 637341 595142 34876.0000 1408   48 34888.0000 34861.7222  0.08%  12.1  375s
 644855 601961 34876.0000 1807   47 34888.0000 34861.7222  0.08%  12.0  381s
 652511 609229 34876.0000 2344   45 34888.0000 34861.7222  0.08%  12.0  386s
 661546 617940 34876.0000  755   38 34888.0000 34861.7222  0.08%  11.9  390s
 669178 624909 34876.0000 1049   47 34888.0000 34861.7222  0.08%  11.9  395s
 678613 633392 34863.0312  810   45 34888.0000 34861.7222  0.08%  11.8  401s
 685479 639437 34880.3947  467   37 34888.0000 34861.7222  0.08%  11.8  406s
 692386 645823 34862.3667  540   39 34888.0000 34861.7222  0.08%  11.8  410s
 701487 654459 34876.0000  802   32 34888.0000 34861.7222  0.08%  11.7  415s
 705810 658606 34876.0000 1037   41 34888.0000 34861.7222  0.08%  11.7  420s
 716538 668890 34876.0000 1711   44 34888.0000 34861.7222  0.08%  11.7  425s
 723364 675405 34876.0000 2025   46 34888.0000 34861.7222  0.08%  11.7  430s
 732459 683897 34862.7576  530   43 34888.0000 34861.7222  0.08%  11.7  435s
 739029 690024 34876.0000  884   39 34888.0000 34861.7222  0.08%  11.6  440s
 747701 698188 34876.0000  660   38 34888.0000 34861.7222  0.08%  11.6  445s
 756114 705980 34876.0000 1041   42 34888.0000 34861.7222  0.08%  11.6  450s
 764850 714113 34869.9474  332   39 34888.0000 34861.7222  0.08%  11.5  455s
 771893 720529     cutoff  422      34888.0000 34861.7222  0.08%  11.5  461s
 779022 727162 34876.0000  737   40 34888.0000 34861.7222  0.08%  11.5  465s
 786710 734421 34861.7222  494   42 34888.0000 34861.7222  0.08%  11.5  470s
 794143 740566 34862.9062  572   39 34888.0000 34861.7222  0.08%  11.4  476s
 803907 748485 34876.0000  819   32 34888.0000 34861.7222  0.08%  11.4  480s
 810556 753640 34862.5588  756   40 34888.0000 34861.7222  0.08%  11.3  485s
 821423 762318 34862.3667  541   44 34888.0000 34861.7222  0.08%  11.3  491s
 828514 768294 34862.7273  511   38 34888.0000 34861.7222  0.08%  11.2  495s
 839746 777923 34876.0000 1051   42 34888.0000 34861.7222  0.08%  11.1  500s
 848923 784223 34876.0000 1381   43 34888.0000 34861.7222  0.08%  11.1  505s
 858756 790642 34876.0000 1923   41 34888.0000 34861.7222  0.08%  11.0  510s
 866602 795556 34885.4444  622   44 34888.0000 34861.7222  0.08%  11.0  516s
 874145 800759 34861.7222  595   42 34888.0000 34861.7222  0.08%  11.0  520s
 884637 807079 34885.4444  618   40 34888.0000 34861.7222  0.08%  10.9  525s
 892321 811646 34875.2778  564   42 34888.0000 34861.7222  0.08%  10.9  530s
 902477 817776 34887.0333  593   41 34888.0000 34861.7222  0.08%  10.8  536s
 911582 822909 34887.0333  602   46 34888.0000 34861.7222  0.08%  10.8  540s
 920968 828370 34887.0333  698   46 34888.0000 34861.7222  0.08%  10.8  545s
 928579 832930 34861.7222  548   45 34888.0000 34861.7222  0.08%  10.7  550s
 936257 837467 34886.8333  884   44 34888.0000 34861.7222  0.08%  10.7  555s
 945670 842974 34887.0333  584   44 34888.0000 34861.7222  0.08%  10.7  560s
 954743 848794 34887.0333  642   45 34888.0000 34861.7222  0.08%  10.6  565s
 963435 854107 34887.0333  709   43 34888.0000 34861.7222  0.08%  10.6  570s
 971509 859293 34885.4444  579   47 34888.0000 34861.7222  0.08%  10.6  575s
 978746 863875 34885.9333  670   45 34888.0000 34861.7222  0.08%  10.6  580s
 989754 870754 34875.2778  594   42 34888.0000 34861.7222  0.08%  10.5  586s
 997049 874993 34887.0333  628   44 34888.0000 34861.7222  0.08%  10.5  590s
 1003908 878981 34887.0333  707   43 34888.0000 34861.7222  0.08%  10.5  595s
 1011005 883103 34887.0333  663   43 34888.0000 34861.7222  0.08%  10.5  600s
 1020684 888986 34887.0333  673   44 34888.0000 34861.7222  0.08%  10.4  605s
 1028060 893471 34861.7222  578   47 34888.0000 34861.7222  0.08%  10.4  610s
 1037213 898706 34861.7222  596   47 34888.0000 34861.7222  0.08%  10.4  615s
 1047118 903604 34886.8333 1004   46 34888.0000 34861.7222  0.08%  10.4  621s
 1055867 908411 34885.4444  642   42 34888.0000 34861.7222  0.08%  10.3  626s
 1063555 912701 34885.9333  728   40 34888.0000 34861.7222  0.08%  10.3  630s
 1073215 917556 34861.7222  535   48 34888.0000 34861.7222  0.08%  10.3  636s
 1082351 922535 34885.4444  609   44 34888.0000 34861.7222  0.08%  10.2  640s
 1091707 927505 34885.9333  717   43 34888.0000 34861.7222  0.08%  10.2  645s
 1100659 932434     cutoff  831      34888.0000 34861.7222  0.08%  10.2  650s
 1110185 937837 34886.8333  823   47 34888.0000 34861.7222  0.08%  10.1  655s
 1115111 940515 34887.0333  634   44 34888.0000 34861.7222  0.08%  10.1  660s
 1126378 947382 34887.0333  670   47 34888.0000 34861.7222  0.08%  10.1  665s
 1135546 952714 34879.2647  719   45 34888.0000 34861.7222  0.08%  10.1  670s
 1144445 957933 34886.5000  770   44 34888.0000 34861.7222  0.08%  10.0  676s
 1152337 962334 34861.7222  605   46 34888.0000 34861.7222  0.08%  10.0  680s
 1161119 967152 34887.0333  612   42 34888.0000 34861.7222  0.08%  10.0  685s
 1170233 972093 34885.4444  599   41 34888.0000 34861.7222  0.08%  10.0  690s
 1179057 977330 34886.8333  819   49 34888.0000 34861.7222  0.08%   9.9  695s
 1186138 981129 34887.0333  789   47 34888.0000 34861.7222  0.08%   9.9  700s
 1193284 985334 34887.0333  636   40 34888.0000 34861.7222  0.08%   9.9  705s
 1204159 990842 34861.7222  583   50 34888.0000 34861.7222  0.08%   9.9  710s
 1213449 995915 34887.0333  635   40 34888.0000 34861.7222  0.08%   9.9  716s
 1222860 1000980 34887.0333  656   44 34888.0000 34861.7222  0.08%   9.8  721s
 1230236 1004949 34878.8458  632   45 34888.0000 34861.7222  0.08%   9.8  725s
 1240969 1011409 34861.7222  606   43 34888.0000 34861.7222  0.08%   9.8  731s
 1248433 1015867 34886.8333  843   46 34888.0000 34861.7222  0.08%   9.8  735s
 1257037 1020642 34887.0333  628   40 34888.0000 34861.7222  0.08%   9.7  741s
 1266076 1025427 34885.9333  651   48 34888.0000 34861.7222  0.08%   9.7  745s
 1273334 1029248 34885.9333  723   41 34888.0000 34861.7222  0.08%   9.7  750s
 1284396 1035326 34887.0333  703   46 34888.0000 34861.7222  0.08%   9.7  756s
 1291277 1039304 34887.0333  717   48 34888.0000 34861.7222  0.08%   9.7  760s
 1302524 1046374 34887.0333  638   45 34888.0000 34861.7222  0.08%   9.6  766s
 1309659 1050844 34887.0333  634   44 34888.0000 34861.7222  0.08%   9.6  770s
 1316387 1054730 34887.0333  787   43 34888.0000 34861.7222  0.08%   9.6  775s
 1325505 1060376 34887.0333  576   44 34888.0000 34861.7222  0.08%   9.6  780s
 1335247 1066747 34885.9333  599   43 34888.0000 34861.7222  0.08%   9.6  785s
 1344254 1071581 34885.4444  532   43 34888.0000 34861.7222  0.08%   9.5  790s
 1351667 1075986 34885.9333  631   41 34888.0000 34861.7222  0.08%   9.5  795s
 1358480 1080318 34885.9333  732   45 34888.0000 34861.7222  0.08%   9.5  800s
 1367408 1084703     cutoff  912      34888.0000 34861.7222  0.08%   9.5  805s
 1376924 1091389 34885.9333 1227   40 34888.0000 34861.7222  0.08%   9.5  810s
 1385540 1097809 34863.1290  357   23 34888.0000 34861.7222  0.08%   9.5  815s
 1392374 1102916 34876.0000  450   32 34888.0000 34861.7222  0.08%   9.5  820s
 1403499 1112435 34876.0000  718   40 34888.0000 34861.7222  0.08%   9.4  825s
 1412378 1120017 34876.0000 1021   45 34888.0000 34861.7222  0.08%   9.4  830s
 1421313 1128134 34876.0000 1502   46 34888.0000 34861.7222  0.08%   9.4  835s
 1429850 1135094 34876.0000 2033   49 34888.0000 34861.7222  0.08%   9.4  840s
 1437682 1139841 34876.0000 2458   46 34888.0000 34861.7222  0.08%   9.4  845s
 1447906 1147123 34862.5625  518   39 34888.0000 34861.7222  0.08%   9.4  851s
 1452775 1151199 34876.0000  840   37 34888.0000 34861.7222  0.08%   9.4  855s
 1459546 1156496 34876.0000 1102   40 34888.0000 34861.7222  0.08%   9.4  860s
 1468590 1164400 34876.0000 1482   43 34888.0000 34861.7222  0.08%   9.3  866s
 1475557 1170146 34876.0000 1796   46 34888.0000 34861.7222  0.08%   9.3  870s
 1483356 1174993 34862.3667  523   42 34888.0000 34861.7222  0.08%   9.3  876s
 1492740 1183185 34876.0000  917   41 34888.0000 34861.7222  0.08%   9.3  881s
 1497434 1187561 34876.0000 1169   43 34888.0000 34861.7222  0.08%   9.3  888s
 1499677 1189411 34876.0000 1310   46 34888.0000 34861.7222  0.08%   9.3  890s
 1506605 1195292 34861.7222  542   41 34888.0000 34861.7222  0.08%   9.3  895s
 1515753 1202499 34876.0000 1052   44 34888.0000 34861.7222  0.08%   9.3  900s
 1523550 1209017 34878.0909  769   38 34888.0000 34861.7222  0.08%   9.3  905s
 1534107 1217361 34882.0625  682   39 34888.0000 34861.7222  0.08%   9.2  910s
 1540767 1222527 34876.0000  971   37 34888.0000 34861.7222  0.08%   9.2  915s
 1549683 1229891 34876.0000  902   39 34888.0000 34861.7222  0.08%   9.2  920s
 1556782 1235620 34876.0000 1263   40 34888.0000 34861.7222  0.08%   9.2  926s
 1565877 1243489 34876.0000 1106   40 34888.0000 34861.7222  0.08%   9.2  931s
 1571003 1248118 34862.7576  710   47 34888.0000 34861.7222  0.08%   9.2  935s
 1581841 1257526     cutoff 1298      34888.0000 34861.7222  0.08%   9.2  941s
 1589021 1262818 34863.0312  760   42 34888.0000 34861.7222  0.08%   9.1  945s
 1597736 1270569 34882.8750  566   41 34888.0000 34861.7222  0.08%   9.1  950s
 1605017 1277174 34876.0000 1029   46 34888.0000 34861.7222  0.08%   9.1  955s
 1616487 1287077 34876.0000  966   43 34888.0000 34861.7222  0.08%   9.1  960s
 1621248 1291043 34862.5625  645   38 34888.0000 34861.7222  0.08%   9.1  965s
 1634172 1302313 34862.7667  744   40 34888.0000 34861.7222  0.08%   9.1  970s
 1640887 1308272 34876.0000 1129   43 34888.0000 34861.7222  0.08%   9.1  975s
 1649866 1316584 34876.0000  927   42 34888.0000 34861.7222  0.08%   9.0  980s
 1657310 1323226 34862.3667  531   35 34888.0000 34861.7222  0.08%   9.0  985s
 1665984 1330838 34876.0000 1157   45 34888.0000 34861.7222  0.08%   9.0  990s
 1675386 1339156 34876.0000 1051   45 34888.0000 34861.7222  0.08%   9.0  995s
 1684297 1347002 34862.5625  606   40 34888.0000 34861.7222  0.08%   9.0 1000s
 1692315 1354054 34876.0000 1098   41 34888.0000 34861.7222  0.08%   9.0 1005s
 1701876 1362029 34876.0000 1014   44 34888.0000 34861.7222  0.08%   9.0 1010s
 1709059 1368232 34865.0625  770   38 34888.0000 34861.7222  0.08%   9.0 1015s
 1719806 1376949 34876.0000  967   43 34888.0000 34861.7222  0.08%   9.0 1020s
 1726321 1382544 34862.3667  639   38 34888.0000 34861.7222  0.08%   8.9 1025s
 1734953 1390005 34875.0526  797   39 34888.0000 34861.7222  0.08%   8.9 1030s
 1741822 1395657 34863.1290  937   38 34888.0000 34861.7222  0.08%   8.9 1035s
 1753026 1405369 34876.0000 1115   37 34888.0000 34861.7222  0.08%   8.9 1040s
 1758244 1409559 34876.0000 1171   42 34888.0000 34861.7222  0.08%   8.9 1045s
 1770328 1420282 34876.0000 1319   39 34888.0000 34861.7222  0.08%   8.9 1050s

Gurobi 8.0.1 (win64, Python) logging started 11/18/20 17:34:34

Compute Server job ID: a6f1799d-1a42-45c8-be0e-a56b394df45e
Capacity available on '10.202.116.175:80' - connecting...
Established HTTP unencrypted connection
Optimize a model with 310 rows, 5820 columns and 17280 nonzeros
Variable types: 0 continuous, 5820 integer (5700 binary)
Coefficient statistics:
  Matrix range     [1e+00, 1e+02]
  Objective range  [1e+00, 1e+02]
  Bounds range     [1e+00, 1e+00]
  RHS range        [1e+00, 5e+02]
Found heuristic solution: objective 236988.00000
Presolve removed 60 rows and 60 columns
Presolve time: 0.16s
Presolved: 250 rows, 5760 columns, 17160 nonzeros
Variable types: 0 continuous, 5760 integer (5700 binary)

Root relaxation: objective 2.865245e+04, 1609 iterations, 0.26 seconds

    Nodes    |    Current Node    |     Objective Bounds      |     Work
 Expl Unexpl |  Obj  Depth IntInf | Incumbent    BestBd   Gap | It/Node Time

     0     0 28652.4464    0   56 236988.000 28652.4464  87.9%     -    0s
H    0     0                    32786.000000 28652.4464  12.6%     -    0s
H    0     0                    29486.000000 28652.4464  2.83%     -    0s
H    0     0                    29121.000000 28652.4464  1.61%     -    1s
     0     0 28652.4464    0  100 29121.0000 28652.4464  1.61%     -    2s
     0     0 28652.4464    0   83 29121.0000 28652.4464  1.61%     -    2s
H    0     0                    28954.000000 28652.4464  1.04%     -    2s
     0     0 28663.6109    0   49 28954.0000 28663.6109  1.00%     -    3s
     0     0 28664.5952    0   58 28954.0000 28664.5952  1.00%     -    3s
     0     0 28664.6909    0   98 28954.0000 28664.6909  1.00%     -    4s
     0     0 28664.8763    0   90 28954.0000 28664.8763  1.00%     -    4s
     0     0 28666.1034    0   67 28954.0000 28666.1034  0.99%     -    4s
     0     0 28666.5580    0   66 28954.0000 28666.5580  0.99%     -    4s
     0     0 28666.7054    0   66 28954.0000 28666.7054  0.99%     -    4s
     0     0 28667.0000    0   95 28954.0000 28667.0000  0.99%     -    4s
     0     0 28667.0000    0   99 28954.0000 28667.0000  0.99%     -    4s
     0     0 28667.0000    0  105 28954.0000 28667.0000  0.99%     -    5s
     0     0 28667.0000    0   54 28954.0000 28667.0000  0.99%     -    6s
     0     2 28667.0000    0   46 28954.0000 28667.0000  0.99%     -    7s
H   31    36                    28783.000000 28667.0000  0.40%   154   16s
   132   133 28667.0000   12   69 28783.0000 28667.0000  0.40%  62.3   20s
  1426  1420 28667.0000  112   49 28783.0000 28667.0000  0.40%  33.4   25s
  2942  2913 28667.0000  303   39 28783.0000 28667.0000  0.40%  29.5   38s
  3078  3046 28667.0000  319   43 28783.0000 28667.0000  0.40%  29.2   46s
  4248  4200 28669.8149  504   41 28783.0000 28667.0000  0.40%  27.5   51s
  6680  6540 28694.5292  943   40 28783.0000 28667.0000  0.40%  22.6   55s
  7748  7548 28741.7674  789   54 28783.0000 28667.0000  0.40%  20.7   63s
  7750  7549 28667.0000  336   52 28783.0000 28667.0000  0.40%  20.7   66s
  7757  7554 28698.2143  361   49 28783.0000 28667.0272  0.40%  20.7   70s
  7761  7557 28689.7402  625   56 28783.0000 28667.0272  0.40%  20.7   75s
  7766  7560 28667.0272   70   74 28783.0000 28667.0272  0.40%  20.7   80s
  7767  7561 28667.0272  116   39 28783.0000 28667.0272  0.40%  20.7   87s
  7769  7562 28667.0272   27   44 28783.0000 28667.0272  0.40%  20.7   90s
  7774  7565 28689.7402  499   51 28783.0000 28667.0272  0.40%  20.7   95s
  7775  7566 28741.3835  916   51 28783.0000 28667.0272  0.40%  20.7  100s
  7782  7580 28667.0272   18   67 28783.0000 28667.0272  0.40%  27.7  106s
  7806  7604 28667.0272   20   56 28783.0000 28667.0272  0.40%  27.8  119s
  7854  7626 28667.0272   21   59 28783.0000 28667.0272  0.40%  27.7  120s
  8574  8118 28667.0272   43   47 28783.0000 28667.0272  0.40%  26.4  126s
 10988  9485 28667.0272   90   40 28783.0000 28667.0272  0.40%  23.2  130s
 13067 10785 28692.0714  143   61 28783.0000 28667.0272  0.40%  23.0  135s
 15610 12308 28692.0714  219   52 28783.0000 28667.0272  0.40%  22.8  140s
 17649 13590 28692.0714  290   43 28783.0000 28667.0272  0.40%  22.5  156s
H19946 13756                    28756.000000 28667.0272  0.31%  22.1  166s
 20672 14109 28692.0714  360   61 28756.0000 28667.0272  0.31%  21.9  170s
 24612 16392 28692.0714  461   62 28756.0000 28667.0272  0.31%  21.4  176s
 27293 18003 28695.3574  531   60 28756.0000 28667.0272  0.31%  21.2  181s
 30368 20091 28708.6634  653   58 28756.0000 28667.0272  0.31%  21.1  185s
 34312 23801 28688.8839  162   53 28756.0000 28667.0272  0.31%  20.3  197s
 34560 24051 28688.8839  163   56 28756.0000 28667.0272  0.31%  20.3  200s
H39393 26258                    28744.000000 28667.0272  0.27%  19.2  222s
 39409 26273 28689.1832  404   56 28744.0000 28667.0272  0.27%  19.2  233s
 41519 28209 28716.9579 1594   54 28744.0000 28667.0272  0.27%  19.0  301s
 41521 28210 28693.9178  351   51 28744.0000 28667.0272  0.27%  19.0  305s
 41528 28215 28715.1233  561   56 28744.0000 28667.0411  0.27%  19.0  313s
 41529 28216 28667.0411  163   84 28744.0000 28667.0411  0.27%  19.0  317s
 41530 28216 28697.6758  950   59 28744.0000 28667.0411  0.27%  19.0  322s
 41531 28217 28693.9178  173   81 28744.0000 28667.0411  0.27%  19.0  325s
 41532 28218 28711.7442  610   59 28744.0000 28667.0411  0.27%  19.0  337s
 41533 28218 28690.8268 1082  107 28744.0000 28667.0411  0.27%  19.0  342s
 41534 28219 28734.4558 2162   49 28744.0000 28667.0411  0.27%  19.0  347s
 41535 28220 28670.3699  504   87 28744.0000 28667.0411  0.27%  19.0  351s
 41536 28220 28693.9178  491   58 28744.0000 28667.0411  0.27%  19.0  356s
 41538 28222 28693.9178  217   55 28744.0000 28667.0411  0.27%  19.0  365s
 41540 28223 28692.0714  314   56 28744.0000 28667.0411  0.27%  19.0  373s
 41541 28224 28721.2143  525   76 28744.0000 28667.0411  0.27%  19.0  376s
 41542 28224 28703.5134  251   55 28744.0000 28667.0411  0.27%  19.0  381s
 41543 28225 28721.2143  405   54 28744.0000 28667.0411  0.27%  19.0  385s
 41544 28226 28668.1215  243   54 28744.0000 28667.0411  0.27%  19.0  392s
 41547 28233 28667.0411   31   54 28744.0000 28667.0411  0.27%  20.1  396s
 41575 28263 28667.0411   34   49 28744.0000 28667.0411  0.27%  20.1  406s
 41684 28327 28667.3708   37   52 28744.0000 28667.0411  0.27%  20.1  410s

Gurobi 8.0.1 (win64, Python) logging started 11/18/20 17:41:35

Compute Server job ID: d59a43e5-16ff-4194-9d05-9d50de9dd970
Capacity available on '10.202.116.175:80' - connecting...
Established HTTP unencrypted connection
Optimize a model with 310 rows, 5820 columns and 17280 nonzeros
Variable types: 0 continuous, 5820 integer (5700 binary)
Coefficient statistics:
  Matrix range     [1e+00, 1e+02]
  Objective range  [1e+00, 1e+02]
  Bounds range     [1e+00, 1e+00]
  RHS range        [1e+00, 5e+02]
Found heuristic solution: objective 236988.00000
Presolve removed 60 rows and 60 columns
Presolve time: 0.18s
Presolved: 250 rows, 5760 columns, 17160 nonzeros
Variable types: 0 continuous, 5760 integer (5700 binary)

Root relaxation: objective 2.865245e+04, 1609 iterations, 0.36 seconds

    Nodes    |    Current Node    |     Objective Bounds      |     Work
 Expl Unexpl |  Obj  Depth IntInf | Incumbent    BestBd   Gap | It/Node Time

     0     0 28652.4464    0   56 236988.000 28652.4464  87.9%     -    1s
H    0     0                    32786.000000 28652.4464  12.6%     -    1s
H    0     0                    29486.000000 28652.4464  2.83%     -    1s
H    0     0                    29121.000000 28652.4464  1.61%     -    1s
     0     0 28652.4464    0  100 29121.0000 28652.4464  1.61%     -    3s
     0     0 28652.4464    0   83 29121.0000 28652.4464  1.61%     -    3s
H    0     0                    28954.000000 28652.4464  1.04%     -    3s
     0     0 28663.6109    0   49 28954.0000 28663.6109  1.00%     -    5s
     0     0 28664.5952    0   58 28954.0000 28664.5952  1.00%     -    5s
     0     0 28664.6909    0   98 28954.0000 28664.6909  1.00%     -    5s
     0     0 28664.8763    0   90 28954.0000 28664.8763  1.00%     -    6s
     0     0 28666.1034    0   67 28954.0000 28666.1034  0.99%     -    6s
     0     0 28666.5580    0   66 28954.0000 28666.5580  0.99%     -    6s
     0     0 28666.7054    0   66 28954.0000 28666.7054  0.99%     -    6s
     0     0 28667.0000    0   95 28954.0000 28667.0000  0.99%     -    6s
     0     0 28667.0000    0   99 28954.0000 28667.0000  0.99%     -    6s
     0     0 28667.0000    0  105 28954.0000 28667.0000  0.99%     -    7s
     0     0 28667.0000    0   54 28954.0000 28667.0000  0.99%     -    9s
     0     2 28667.0000    0   46 28954.0000 28667.0000  0.99%     -   10s
H   31    36                    28783.000000 28667.0000  0.40%   154   23s
    63    70 28667.0000    9   74 28783.0000 28667.0000  0.40%  95.2   26s
   132   133 28667.0000   12   69 28783.0000 28667.0000  0.40%  62.3   30s
  1122  1121 28667.0000   82   55 28783.0000 28667.0000  0.40%  34.5   36s
  2131  2117 28667.0000  190   40 28783.0000 28667.0000  0.40%  31.2   41s

Gurobi 8.0.1 (win64, Python) logging started 11/18/20 17:42:36

Compute Server job ID: 8306eb2e-5a45-4e26-8ff6-05a80f94bb8c
Capacity available on '10.202.116.175:80' - connecting...
Established HTTP unencrypted connection
Optimize a model with 310 rows, 5820 columns and 17280 nonzeros
Variable types: 0 continuous, 5820 integer (5700 binary)
Coefficient statistics:
  Matrix range     [1e+00, 1e+02]
  Objective range  [1e+00, 1e+02]
  Bounds range     [1e+00, 1e+00]
  RHS range        [1e+00, 5e+02]
Found heuristic solution: objective 236988.00000
Presolve removed 60 rows and 60 columns
Presolve time: 0.18s
Presolved: 250 rows, 5760 columns, 17160 nonzeros
Variable types: 0 continuous, 5760 integer (5700 binary)

Root relaxation: objective 2.865245e+04, 1609 iterations, 0.30 seconds

    Nodes    |    Current Node    |     Objective Bounds      |     Work
 Expl Unexpl |  Obj  Depth IntInf | Incumbent    BestBd   Gap | It/Node Time

     0     0 28652.4464    0   56 236988.000 28652.4464  87.9%     -    0s
H    0     0                    32786.000000 28652.4464  12.6%     -    1s
H    0     0                    29486.000000 28652.4464  2.83%     -    1s
H    0     0                    29121.000000 28652.4464  1.61%     -    1s
     0     0 28652.4464    0  100 29121.0000 28652.4464  1.61%     -    2s
     0     0 28652.4464    0   83 29121.0000 28652.4464  1.61%     -    2s
H    0     0                    28954.000000 28652.4464  1.04%     -    3s
     0     0 28663.6109    0   49 28954.0000 28663.6109  1.00%     -    4s
     0     0 28664.5952    0   58 28954.0000 28664.5952  1.00%     -    4s
     0     0 28664.6909    0   98 28954.0000 28664.6909  1.00%     -    4s
     0     0 28664.8763    0   90 28954.0000 28664.8763  1.00%     -    4s
     0     0 28666.1034    0   67 28954.0000 28666.1034  0.99%     -    4s
     0     0 28666.5580    0   66 28954.0000 28666.5580  0.99%     -    4s
     0     0 28666.7054    0   66 28954.0000 28666.7054  0.99%     -    4s
     0     0 28667.0000    0   95 28954.0000 28667.0000  0.99%     -    4s
     0     0 28667.0000    0   99 28954.0000 28667.0000  0.99%     -    5s
     0     0 28667.0000    0  105 28954.0000 28667.0000  0.99%     -    5s
     0     0 28667.0000    0   54 28954.0000 28667.0000  0.99%     -    6s
     0     2 28667.0000    0   46 28954.0000 28667.0000  0.99%     -    8s
    15    24 28667.0000    4   87 28954.0000 28667.0000  0.99%   171   10s
H   31    36                    28783.000000 28667.0000  0.40%   154   17s
   132   133 28667.0000   12   69 28783.0000 28667.0000  0.40%  62.3   22s
  1122  1121 28667.0000   82   55 28783.0000 28667.0000  0.40%  34.5   25s
  2507  2492 28667.0000  246   41 28783.0000 28667.0000  0.40%  30.3   30s
  2942  2913 28667.0000  303   39 28783.0000 28667.0000  0.40%  29.5   40s
  3078  3046 28667.0000  319   43 28783.0000 28667.0000  0.40%  29.2   48s
  3086  3061 28667.0000  320   42 28783.0000 28667.0000  0.40%  29.2   50s
  5700  5588 28677.8221  789   41 28783.0000 28667.0000  0.40%  24.6   56s
  7748  7548 28741.7674  789   54 28783.0000 28667.0000  0.40%  20.7   66s
  7751  7550 28677.9438  357   57 28783.0000 28667.0000  0.40%  20.7   70s
  7759  7555 28693.9845  556   62 28783.0000 28667.0272  0.40%  20.7   75s
  7764  7559 28705.5714  677   86 28783.0000 28667.0272  0.40%  20.7   80s
  7767  7561 28667.0272  116   39 28783.0000 28667.0272  0.40%  20.7   90s
  7773  7565 28754.4001  924   51 28783.0000 28667.0272  0.40%  20.7   96s
  7775  7566 28741.3835  916   51 28783.0000 28667.0272  0.40%  20.7  101s
  7778  7573 28667.0272   17   46 28783.0000 28667.0272  0.40%  27.7  105s
  7806  7604 28667.0272   20   56 28783.0000 28667.0272  0.40%  27.8  118s
  7870  7637 28667.0272   22   55 28783.0000 28667.0272  0.40%  27.7  120s
  9480  8669 28667.0272   66   52 28783.0000 28667.0272  0.40%  24.9  126s
 11836  9985 28689.2266  108   74 28783.0000 28667.0272  0.40%  22.5  130s
 14132 11484 28692.0714  176   49 28783.0000 28667.0272  0.40%  23.0  136s
 16334 12777 28692.0714  238   47 28783.0000 28667.0272  0.40%  22.8  140s
 17649 13590 28692.0714  290   43 28783.0000 28667.0272  0.40%  22.5  155s
H19946 13756                    28756.000000 28667.0272  0.31%  22.1  167s
 20672 14109 28692.0714  360   61 28756.0000 28667.0272  0.31%  21.9  172s
 22805 15387 28692.0714  425   60 28756.0000 28667.0272  0.31%  21.7  176s
 25841 17136 28692.0773  482   65 28756.0000 28667.0272  0.31%  21.3  180s
 30368 20091 28708.6634  653   58 28756.0000 28667.0272  0.31%  21.1  186s
 34312 23801 28688.8839  162   53 28756.0000 28667.0272  0.31%  20.3  196s

Gurobi 8.0.1 (win64, Python) logging started 11/18/20 17:46:05

Compute Server job ID: 3760ab24-aa19-4af3-bfb5-4f7542320e24
Capacity available on '10.202.116.175:80' - connecting...
Established HTTP unencrypted connection
Optimize a model with 310 rows, 5820 columns and 17280 nonzeros
Variable types: 0 continuous, 5820 integer (5700 binary)
Coefficient statistics:
  Matrix range     [1e+00, 1e+02]
  Objective range  [1e+00, 1e+02]
  Bounds range     [1e+00, 1e+00]
  RHS range        [1e+00, 5e+02]
Found heuristic solution: objective 236988.00000
Presolve removed 60 rows and 60 columns
Presolve time: 0.18s
Presolved: 250 rows, 5760 columns, 17160 nonzeros
Variable types: 0 continuous, 5760 integer (5700 binary)

Root relaxation: objective 2.865245e+04, 1609 iterations, 0.31 seconds

    Nodes    |    Current Node    |     Objective Bounds      |     Work
 Expl Unexpl |  Obj  Depth IntInf | Incumbent    BestBd   Gap | It/Node Time

     0     0 28652.4464    0   56 236988.000 28652.4464  87.9%     -    0s
H    0     0                    32786.000000 28652.4464  12.6%     -    1s
H    0     0                    29486.000000 28652.4464  2.83%     -    1s
H    0     0                    29121.000000 28652.4464  1.61%     -    2s
     0     0 28652.4464    0  100 29121.0000 28652.4464  1.61%     -    2s
     0     0 28652.4464    0   83 29121.0000 28652.4464  1.61%     -    3s
H    0     0                    28954.000000 28652.4464  1.04%     -    3s
     0     0 28663.6109    0   49 28954.0000 28663.6109  1.00%     -    4s
     0     0 28664.5952    0   58 28954.0000 28664.5952  1.00%     -    4s
     0     0 28664.6909    0   98 28954.0000 28664.6909  1.00%     -    5s
     0     0 28664.8763    0   90 28954.0000 28664.8763  1.00%     -    5s
     0     0 28666.1034    0   67 28954.0000 28666.1034  0.99%     -    5s
     0     0 28666.5580    0   66 28954.0000 28666.5580  0.99%     -    5s
     0     0 28666.7054    0   66 28954.0000 28666.7054  0.99%     -    5s
     0     0 28667.0000    0   95 28954.0000 28667.0000  0.99%     -    5s
     0     0 28667.0000    0   99 28954.0000 28667.0000  0.99%     -    5s
     0     0 28667.0000    0  105 28954.0000 28667.0000  0.99%     -    6s
     0     0 28667.0000    0   54 28954.0000 28667.0000  0.99%     -    7s
     0     2 28667.0000    0   46 28954.0000 28667.0000  0.99%     -    8s
     7    16 28667.0000    3  103 28954.0000 28667.0000  0.99%   194   10s
H   31    36                    28783.000000 28667.0000  0.40%   154   18s
    63    70 28667.0000    9   74 28783.0000 28667.0000  0.40%  95.2   21s
   484   486 28667.0000   37   57 28783.0000 28667.0000  0.40%  38.9   25s
  1763  1755 28667.0000  150   46 28783.0000 28667.0000  0.40%  32.1   31s
  2942  2913 28667.0000  303   39 28783.0000 28667.0000  0.40%  29.5   44s
  3078  3046 28667.0000  319   43 28783.0000 28667.0000  0.40%  29.2   53s
  3086  3061 28667.0000  320   42 28783.0000 28667.0000  0.40%  29.2   55s
  4934  4820 28673.6236  645   42 28783.0000 28667.0000  0.40%  26.2   60s
  7748  7548 28741.7674  789   54 28783.0000 28667.0000  0.40%  20.7   71s
  7751  7550 28677.9438  357   57 28783.0000 28667.0000  0.40%  20.7   75s
  7759  7555 28693.9845  556   62 28783.0000 28667.0272  0.40%  20.7   81s
  7763  7558 28671.3424  550   58 28783.0000 28667.0272  0.40%  20.7   85s
  7767  7561 28667.0272  116   39 28783.0000 28667.0272  0.40%  20.7   95s
  7771  7563 28667.0272  323   57 28783.0000 28667.0272  0.40%  20.7  100s
  7775  7566 28741.3835  916   51 28783.0000 28667.0272  0.40%  20.7  107s

Gurobi 8.0.1 (win64, Python) logging started 11/18/20 17:48:24

Compute Server job ID: 593770a6-23c2-4d4a-a25f-56038ee9098e
Capacity available on '10.202.116.175:80' - connecting...
Established HTTP unencrypted connection
Changed value of parameter MIPGap to 0.005
   Prev: 0.0001  Min: 0.0  Max: 1e+100  Default: 0.0001
Changed value of parameter TimeLimit to 100.0
   Prev: 1e+100  Min: 0.0  Max: 1e+100  Default: 1e+100
Optimize a model with 310 rows, 5820 columns and 17280 nonzeros
Variable types: 0 continuous, 5820 integer (5700 binary)
Coefficient statistics:
  Matrix range     [1e+00, 1e+02]
  Objective range  [1e+00, 1e+02]
  Bounds range     [1e+00, 1e+00]
  RHS range        [1e+00, 5e+02]
Found heuristic solution: objective 236988.00000
Presolve removed 60 rows and 60 columns
Presolve time: 0.19s
Presolved: 250 rows, 5760 columns, 17160 nonzeros
Variable types: 0 continuous, 5760 integer (5700 binary)

Root relaxation: objective 2.865245e+04, 1609 iterations, 0.30 seconds

    Nodes    |    Current Node    |     Objective Bounds      |     Work
 Expl Unexpl |  Obj  Depth IntInf | Incumbent    BestBd   Gap | It/Node Time

     0     0 28652.4464    0   56 236988.000 28652.4464  87.9%     -    1s
H    0     0                    32786.000000 28652.4464  12.6%     -    1s
H    0     0                    29486.000000 28652.4464  2.83%     -    1s
H    0     0                    29121.000000 28652.4464  1.61%     -    2s
     0     0 28652.4464    0  100 29121.0000 28652.4464  1.61%     -    3s
     0     0 28652.4464    0   83 29121.0000 28652.4464  1.61%     -    3s
H    0     0                    28954.000000 28652.4464  1.04%     -    3s
     0     0 28663.6109    0   49 28954.0000 28663.6109  1.00%     -    5s
     0     0 28664.5952    0   58 28954.0000 28664.5952  1.00%     -    5s
     0     0 28664.6909    0   98 28954.0000 28664.6909  1.00%     -    5s
     0     0 28664.8763    0   90 28954.0000 28664.8763  1.00%     -    5s
     0     0 28666.1034    0   67 28954.0000 28666.1034  0.99%     -    6s
     0     0 28666.5580    0   66 28954.0000 28666.5580  0.99%     -    6s
     0     0 28666.7054    0   66 28954.0000 28666.7054  0.99%     -    6s
     0     0 28667.0000    0   95 28954.0000 28667.0000  0.99%     -    6s
     0     0 28667.0000    0   99 28954.0000 28667.0000  0.99%     -    6s
     0     0 28667.0000    0  105 28954.0000 28667.0000  0.99%     -    7s
     0     0 28667.0000    0   54 28954.0000 28667.0000  0.99%     -    8s
     0     2 28667.0000    0   46 28954.0000 28667.0000  0.99%     -   10s
H   31    36                    28783.000000 28667.0000  0.40%   154   22s

Cutting planes:
  Cover: 61
  MIR: 11
  StrongCG: 3

Explored 39 nodes (18405 simplex iterations) in 22.12 seconds
Thread count was 16 (of 16 available processors)

Solution count 6: 28783 28954 29121 ... 236988

Optimal solution found (tolerance 5.00e-03)
Best objective 2.878300000000e+04, best bound 2.866700000000e+04, gap 0.4030%

Compute Server communication statistics:
  Sent: 0.1 MBytes in 35 msgs and 0.00s (0.00 MB/s)
  Received: 0.0 MBytes in 81 msgs and 0.00s (0.00 MB/s)

